4:39:26 PM: Пользователь [ 78938706 ] уже в очереди или обрабатывался ранее. Global.Users.Cache.
4:39:26 PM: Пользователь [ 75424612 ] уже в очереди или обрабатывался ранее. Global.Users.Cache.
4:39:26 PM: Пользователь [ 74901011 ] уже в очереди или обрабатывался ранее. Global.Users.Cache.
4:39:26 PM: Пользователь [ 65117171 ] уже в очереди или обрабатывался ранее. Global.Users.Cache.
4:39:26 PM: Пользователь [ 63646357 ] уже в очереди или обрабатывался ранее. Global.Users.Cache.
4:39:26 PM: Пользователь [ 62401715 ] уже в очереди или обрабатывался ранее. Global.Users.Cache.
4:39:26 PM: Пользователь [ 58324535 ] уже в очереди или обрабатывался ранее. Global.Users.Cache.
4:39:26 PM: Пользователь [ 54779251 ] уже в очереди или обрабатывался ранее. Global.Users.Cache.
4:39:26 PM: Пользователь [ 54402109 ] уже в очереди или обрабатывался ранее. Global.Users.Cache.
4:39:26 PM: Пользователь [ 53203592 ] уже в очереди или обрабатывался ранее. Global.Users.Cache.
4:39:26 PM: Пользователь [ 52444274 ] уже в очереди или обрабатывался ранее. Global.Users.Cache.
4:39:26 PM: Пользователь [ 51948308 ] уже в очереди или обрабатывался ранее. Global.Users.Cache.
4:39:26 PM: Пользователь [ 51924990 ] уже в очереди или обрабатывался ранее. Global.Users.Cache.
4:39:26 PM: Пользователь [ 48806562 ] уже в очереди или обрабатывался ранее. Global.Users.Cache.
4:39:26 PM: Пользователь [ 47617129 ] уже в очереди или обрабатывался ранее. Global.Users.Cache.
4:39:26 PM: Пользователь [ 44611140 ] уже в очереди или обрабатывался ранее. Global.Users.Cache.
4:39:26 PM: Пользователь [ 44382654 ] уже в очереди или обрабатывался ранее. Global.Users.Cache.
4:39:26 PM: Пользователь [ 43604612 ] уже в очереди или обрабатывался ранее. Global.Users.Cache.
4:39:26 PM: Пользователь [ 42011234 ] уже в очереди или обрабатывался ранее. Global.Users.Cache.
4:39:26 PM: Пользователь [ 35157931 ] уже в очереди или обрабатывался ранее. Global.Users.Cache.
4:39:26 PM: Пользователь [ 31772018 ] уже в очереди или обрабатывался ранее. Global.Users.Cache.
4:39:27 PM: Пользователь [ 29244010 ] уже в очереди или обрабатывался ранее. Global.Users.Cache.
4:39:27 PM: Пользователь [ 27720702 ] уже в очереди или обрабатывался ранее. Global.Users.Cache.
4:39:27 PM: Пользователь [ 24084949 ] уже в очереди или обрабатывался ранее. Global.Users.Cache.
4:39:27 PM: Пользователь [ 20065056 ] уже в очереди или обрабатывался ранее. Global.Users.Cache.
4:39:27 PM: Пользователь [ 18374133 ] уже в очереди или обрабатывался ранее. Global.Users.Cache.
4:39:27 PM: Пользователь [ 17752568 ] уже в очереди или обрабатывался ранее. Global.Users.Cache.
4:39:27 PM: Пользователь [ 16157510 ] уже в очереди или обрабатывался ранее. Global.Users.Cache.
4:39:27 PM: Пользователь [ 14089080 ] уже в очереди или обрабатывался ранее. Global.Users.Cache.
4:39:27 PM: Пользователь [ 11804093 ] уже в очереди или обрабатывался ранее. Global.Users.Cache.
4:39:27 PM: Пользователь [ 11151177 ] уже в очереди или обрабатывался ранее. Global.Users.Cache.
4:39:27 PM: Пользователь [ 9372311 ] уже в очереди или обрабатывался ранее. Global.Users.Cache.
4:39:27 PM: Пользователь [ 7548939 ] уже в очереди или обрабатывался ранее. Global.Users.Cache.
4:39:27 PM: Пользователь [ 391356 ] уже в очереди или обрабатывался ранее. Global.Users.Cache.
4:39:27 PM: Пользователь [ 418686243 ] уже в очереди или обрабатывался ранее. Global.Users.Cache.
4:39:27 PM: Пользователь [ 382887564 ] уже в очереди или обрабатывался ранее. Global.Users.Cache.
4:39:27 PM: Пользователь [ 296184475 ] уже в очереди или обрабатывался ранее. Global.Users.Cache.
4:39:27 PM: Пользователь [ 292834140 ] уже в очереди или обрабатывался ранее. Global.Users.Cache.
4:39:27 PM: Пользователь [ 279971727 ] уже в очереди или обрабатывался ранее. Global.Users.Cache.
4:39:28 PM: Пользователь [ 263696161 ] уже в очереди или обрабатывался ранее. Global.Users.Cache.
4:39:28 PM: Пользователь [ 261666129 ] уже в очереди или обрабатывался ранее. Global.Users.Cache.
4:39:28 PM: Пользователь [ 244700629 ] уже в очереди или обрабатывался ранее. Global.Users.Cache.
4:39:28 PM: Пользователь [ 213264565 ] уже в очереди или обрабатывался ранее. Global.Users.Cache.
4:39:28 PM: Пользователь [ 207188284 ] уже в очереди или обрабатывался ранее. Global.Users.Cache.
4:39:28 PM: Пользователь [ 193521940 ] уже в очереди или обрабатывался ранее. Global.Users.Cache.
4:39:28 PM: Пользователь [ 179436822 ] уже в очереди или обрабатывался ранее. Global.Users.Cache.
4:39:28 PM: Пользователь [ 168931579 ] уже в очереди или обрабатывался ранее. Global.Users.Cache.
4:39:28 PM: Пользователь [ 165768347 ] уже в очереди или обрабатывался ранее. Global.Users.Cache.
4:39:28 PM: Пользователь [ 165591366 ] уже в очереди или обрабатывался ранее. Global.Users.Cache.
4:39:28 PM: Пользователь [ 164180107 ] уже в очереди или обрабатывался ранее. Global.Users.Cache.
4:39:28 PM: Пользователь [ 156025185 ] уже в очереди или обрабатывался ранее. Global.Users.Cache.
4:39:28 PM: Пользователь [ 152752056 ] уже в очереди или обрабатывался ранее. Global.Users.Cache.
4:39:28 PM: Пользователь [ 152706733 ] уже в очереди или обрабатывался ранее. Global.Users.Cache.
4:39:28 PM: Пользователь [ 146907887 ] уже в очереди или обрабатывался ранее. Global.Users.Cache.
4:39:28 PM: Пользователь [ 146290499 ] уже в очереди или обрабатывался ранее. Global.Users.Cache.
4:39:29 PM: Пользователь [ 145702869 ] уже в очереди или обрабатывался ранее. Global.Users.Cache.
4:39:29 PM: Пользователь [ 143682456 ] уже в очереди или обрабатывался ранее. Global.Users.Cache.
4:39:29 PM: Пользователь [ 140182024 ] уже в очереди или обрабатывался ранее. Global.Users.Cache.
4:39:29 PM: Пользователь [ 135408696 ] уже в очереди или обрабатывался ранее. Global.Users.Cache.
4:39:29 PM: Пользователь [ 134458570 ] уже в очереди или обрабатывался ранее. Global.Users.Cache.
4:39:29 PM: Пользователь [ 133918314 ] уже в очереди или обрабатывался ранее. Global.Users.Cache.
4:39:29 PM: Пользователь [ 132141125 ] уже в очереди или обрабатывался ранее. Global.Users.Cache.
4:39:29 PM: Пользователь [ 118316537 ] уже в очереди или обрабатывался ранее. Global.Users.Cache.
4:39:29 PM: Пользователь [ 116491208 ] уже в очереди или обрабатывался ранее. Global.Users.Cache.
4:39:29 PM: Пользователь [ 112496309 ] уже в очереди или обрабатывался ранее. Global.Users.Cache.
4:39:29 PM: Пользователь [ 112205940 ] уже в очереди или обрабатывался ранее. Global.Users.Cache.
4:39:29 PM: Пользователь [ 104502454 ] уже в очереди или обрабатывался ранее. Global.Users.Cache.
4:39:29 PM: Пользователь [ 104252746 ] уже в очереди или обрабатывался ранее. Global.Users.Cache.
4:39:30 PM: Пользователь [ 102144574 ] уже в очереди или обрабатывался ранее. Global.Users.Cache.
4:39:30 PM: Пользователь [ 101480429 ] уже в очереди или обрабатывался ранее. Global.Users.Cache.
4:39:30 PM: Пользователь [ 100477413 ] уже в очереди или обрабатывался ранее. Global.Users.Cache.
4:39:30 PM: Пользователь [ 97508217 ] уже в очереди или обрабатывался ранее. Global.Users.Cache.
4:39:30 PM: Пользователь [ 96845673 ] уже в очереди или обрабатывался ранее. Global.Users.Cache.
4:39:30 PM: Пользователь [ 88826129 ] уже в очереди или обрабатывался ранее. Global.Users.Cache.
4:39:30 PM: Пользователь [ 88061694 ] уже в очереди или обрабатывался ранее. Global.Users.Cache.
4:39:30 PM: Пользователь [ 86308445 ] уже в очереди или обрабатывался ранее. Global.Users.Cache.
4:39:30 PM: Пользователь [ 84072718 ] уже в очереди или обрабатывался ранее. Global.Users.Cache.
4:39:30 PM: Пользователь [ 79245896 ] уже в очереди или обрабатывался ранее. Global.Users.Cache.
4:39:30 PM: Пользователь [ 78173390 ] уже в очереди или обрабатывался ранее. Global.Users.Cache.
4:39:30 PM: Пользователь [ 77868556 ] уже в очереди или обрабатывался ранее. Global.Users.Cache.
4:39:30 PM: Пользователь [ 77790090 ] уже в очереди или обрабатывался ранее. Global.Users.Cache.
4:39:30 PM: Пользователь [ 70972571 ] уже в очереди или обрабатывался ранее. Global.Users.Cache.
4:39:30 PM: Пользователь [ 70463922 ] уже в очереди или обрабатывался ранее. Global.Users.Cache.
4:39:31 PM: Пользователь [ 69679075 ] уже в очереди или обрабатывался ранее. Global.Users.Cache.
4:39:31 PM: Пользователь [ 64341900 ] уже в очереди или обрабатывался ранее. Global.Users.Cache.
4:39:31 PM: Пользователь [ 63617399 ] уже в очереди или обрабатывался ранее. Global.Users.Cache.
4:39:31 PM: Пользователь [ 62983390 ] уже в очереди или обрабатывался ранее. Global.Users.Cache.
4:39:31 PM: Пользователь [ 61766513 ] уже в очереди или обрабатывался ранее. Global.Users.Cache.
4:39:31 PM: Пользователь [ 61680104 ] уже в очереди или обрабатывался ранее. Global.Users.Cache.
4:39:31 PM: Пользователь [ 59714238 ] уже в очереди или обрабатывался ранее. Global.Users.Cache.
4:39:31 PM: Пользователь [ 55585303 ] уже в очереди или обрабатывался ранее. Global.Users.Cache.
4:39:31 PM: Пользователь [ 54683824 ] уже в очереди или обрабатывался ранее. Global.Users.Cache.
4:39:31 PM: Пользователь [ 54565189 ] уже в очереди или обрабатывался ранее. Global.Users.Cache.
4:39:31 PM: Пользователь [ 51814128 ] уже в очереди или обрабатывался ранее. Global.Users.Cache.
4:39:31 PM: Пользователь [ 50016260 ] уже в очереди или обрабатывался ранее. Global.Users.Cache.
4:39:31 PM: Пользователь [ 42047908 ] уже в очереди или обрабатывался ранее. Global.Users.Cache.
4:39:32 PM: :::::::::::::::::::::::::::::::::::::::::::::::::::::::
4:39:32 PM: ADD USERS BY VK SEARCH URL
4:39:32 PM: :::::::::::::::::::::::::::::::::::::::::::::::::::::::
4:39:32 PM: ITERATION: 2
4:39:32 PM: OFFSET:    231
4:39:32 PM: COUNT:     231
4:39:32 PM: 50 :: Пауза
4:39:33 PM: 50 :: Пауза
4:39:33 PM: Пользователь [ 40603866 ] уже в очереди или обрабатывался ранее. Global.Users.Cache.
4:39:33 PM: Пользователь [ 36564280 ] уже в очереди или обрабатывался ранее. Global.Users.Cache.
4:39:33 PM: Пользователь [ 34227278 ] уже в очереди или обрабатывался ранее. Global.Users.Cache.
4:39:33 PM: Пользователь [ 33852059 ] уже в очереди или обрабатывался ранее. Global.Users.Cache.
4:39:33 PM: Пользователь [ 32346162 ] уже в очереди или обрабатывался ранее. Global.Users.Cache.
4:39:33 PM: Пользователь [ 30225350 ] уже в очереди или обрабатывался ранее. Global.Users.Cache.
4:39:33 PM: Пользователь [ 29933529 ] уже в очереди или обрабатывался ранее. Global.Users.Cache.
4:39:33 PM: Пользователь [ 27329564 ] уже в очереди или обрабатывался ранее. Global.Users.Cache.
4:39:33 PM: Пользователь [ 25603406 ] уже в очереди или обрабатывался ранее. Global.Users.Cache.
4:39:33 PM: Пользователь [ 25256683 ] уже в очереди или обрабатывался ранее. Global.Users.Cache.
4:39:33 PM: Пользователь [ 23795203 ] уже в очереди или обрабатывался ранее. Global.Users.Cache.
4:39:33 PM: Пользователь [ 23761078 ] уже в очереди или обрабатывался ранее. Global.Users.Cache.
4:39:33 PM: Пользователь [ 22560706 ] уже в очереди или обрабатывался ранее. Global.Users.Cache.
4:39:34 PM: Пользователь [ 19256238 ] уже в очереди или обрабатывался ранее. Global.Users.Cache.
4:39:34 PM: Пользователь [ 19086985 ] уже в очереди или обрабатывался ранее. Global.Users.Cache.
4:39:34 PM: Пользователь [ 18047080 ] уже в очереди или обрабатывался ранее. Global.Users.Cache.
4:39:34 PM: Пользователь [ 18038013 ] уже в очереди или обрабатывался ранее. Global.Users.Cache.
4:39:34 PM: Пользователь [ 17085985 ] уже в очереди или обрабатывался ранее. Global.Users.Cache.
4:39:34 PM: Пользователь [ 14423328 ] уже в очереди или обрабатывался ранее. Global.Users.Cache.
4:39:34 PM: Пользователь [ 13860590 ] уже в очереди или обрабатывался ранее. Global.Users.Cache.
4:39:34 PM: Пользователь [ 12346392 ] уже в очереди или обрабатывался ранее. Global.Users.Cache.
4:39:34 PM: Пользователь [ 10600937 ] уже в очереди или обрабатывался ранее. Global.Users.Cache.
4:39:34 PM: Пользователь [ 8209063 ] уже в очереди или обрабатывался ранее. Global.Users.Cache.
4:39:34 PM: Пользователь [ 5787651 ] уже в очереди или обрабатывался ранее. Global.Users.Cache.
4:39:34 PM: Пользователь [ 2766839 ] уже в очереди или обрабатывался ранее. Global.Users.Cache.
4:39:34 PM: Пользователь [ 138851084 ] уже в очереди или обрабатывался ранее. Global.Users.Cache.
4:39:35 PM: Пользователь [ 96163381 ] уже в очереди или обрабатывался ранее. Global.Users.Cache.
4:39:35 PM: Пользователь [ 77059165 ] уже в очереди или обрабатывался ранее. Global.Users.Cache.
4:39:35 PM: Пользователь [ 2446180 ] уже в очереди или обрабатывался ранее. Global.Users.Cache.
4:39:35 PM: Пользователь [ 414198225 ] уже в очереди или обрабатывался ранее. Global.Users.Cache.
4:39:35 PM: Пользователь [ 372171457 ] уже в очереди или обрабатывался ранее. Global.Users.Cache.
4:39:35 PM: Пользователь [ 355934581 ] уже в очереди или обрабатывался ранее. Global.Users.Cache.
4:39:35 PM: Пользователь [ 354309535 ] уже в очереди или обрабатывался ранее. Global.Users.Cache.
4:39:35 PM: Пользователь [ 342415233 ] уже в очереди или обрабатывался ранее. Global.Users.Cache.
4:39:35 PM: Пользователь [ 330202313 ] уже в очереди или обрабатывался ранее. Global.Users.Cache.
4:39:35 PM: Пользователь [ 316430574 ] уже в очереди или обрабатывался ранее. Global.Users.Cache.
4:39:35 PM: Пользователь [ 315485651 ] уже в очереди или обрабатывался ранее. Global.Users.Cache.
4:39:35 PM: Пользователь [ 300891508 ] уже в очереди или обрабатывался ранее. Global.Users.Cache.
4:39:35 PM: Пользователь [ 298176249 ] уже в очереди или обрабатывался ранее. Global.Users.Cache.
4:39:35 PM: Пользователь [ 297657794 ] уже в очереди или обрабатывался ранее. Global.Users.Cache.
4:39:36 PM: Пользователь [ 297415775 ] уже в очереди или обрабатывался ранее. Global.Users.Cache.
4:39:36 PM: Пользователь [ 296955518 ] уже в очереди или обрабатывался ранее. Global.Users.Cache.
4:39:36 PM: Пользователь [ 293945700 ] уже в очереди или обрабатывался ранее. Global.Users.Cache.
4:39:36 PM: Пользователь [ 288860199 ] уже в очереди или обрабатывался ранее. Global.Users.Cache.
4:39:36 PM: Пользователь [ 285591287 ] уже в очереди или обрабатывался ранее. Global.Users.Cache.
4:39:36 PM: Пользователь [ 266766256 ] уже в очереди или обрабатывался ранее. Global.Users.Cache.
4:39:36 PM: Пользователь [ 265866529 ] уже в очереди или обрабатывался ранее. Global.Users.Cache.
4:39:36 PM: Пользователь [ 246185670 ] уже в очереди или обрабатывался ранее. Global.Users.Cache.
4:39:36 PM: Пользователь [ 244900684 ] уже в очереди или обрабатывался ранее. Global.Users.Cache.
4:39:36 PM: Пользователь [ 242737636 ] уже в очереди или обрабатывался ранее. Global.Users.Cache.
4:39:36 PM: Пользователь [ 235747435 ] уже в очереди или обрабатывался ранее. Global.Users.Cache.
4:39:36 PM: Пользователь [ 235133788 ] уже в очереди или обрабатывался ранее. Global.Users.Cache.
4:39:36 PM: Пользователь [ 228406896 ] уже в очереди или обрабатывался ранее. Global.Users.Cache.
4:39:36 PM: Пользователь [ 224744185 ] уже в очереди или обрабатывался ранее. Global.Users.Cache.
4:39:36 PM: Пользователь [ 221223216 ] уже в очереди или обрабатывался ранее. Global.Users.Cache.
4:39:36 PM: Пользователь [ 216252648 ] уже в очереди или обрабатывался ранее. Global.Users.Cache.
4:39:37 PM: Пользователь [ 211003081 ] уже в очереди или обрабатывался ранее. Global.Users.Cache.
4:39:37 PM: Пользователь [ 203085535 ] уже в очереди или обрабатывался ранее. Global.Users.Cache.
4:39:37 PM: Пользователь [ 200361345 ] уже в очереди или обрабатывался ранее. Global.Users.Cache.
4:39:37 PM: Пользователь [ 200027166 ] уже в очереди или обрабатывался ранее. Global.Users.Cache.
4:39:37 PM: Пользователь [ 194951003 ] уже в очереди или обрабатывался ранее. Global.Users.Cache.
4:39:37 PM: Пользователь [ 188827319 ] уже в очереди или обрабатывался ранее. Global.Users.Cache.
4:39:37 PM: Пользователь [ 186621838 ] уже в очереди или обрабатывался ранее. Global.Users.Cache.
4:39:37 PM: Пользователь [ 185801295 ] уже в очереди или обрабатывался ранее. Global.Users.Cache.
4:39:37 PM: Пользователь [ 183647121 ] уже в очереди или обрабатывался ранее. Global.Users.Cache.
4:39:37 PM: Пользователь [ 183540589 ] уже в очереди или обрабатывался ранее. Global.Users.Cache.
4:39:37 PM: Пользователь [ 179263777 ] уже в очереди или обрабатывался ранее. Global.Users.Cache.
4:39:37 PM: Пользователь [ 178135955 ] уже в очереди или обрабатывался ранее. Global.Users.Cache.
4:39:37 PM: Пользователь [ 176643130 ] уже в очереди или обрабатывался ранее. Global.Users.Cache.
4:39:37 PM: Пользователь [ 174554792 ] уже в очереди или обрабатывался ранее. Global.Users.Cache.
4:39:37 PM: Пользователь [ 174210592 ] уже в очереди или обрабатывался ранее. Global.Users.Cache.
4:39:38 PM: Пользователь [ 168226460 ] уже в очереди или обрабатывался ранее. Global.Users.Cache.
4:39:38 PM: Пользователь [ 167535489 ] уже в очереди или обрабатывался ранее. Global.Users.Cache.
4:39:38 PM: Пользователь [ 166632263 ] уже в очереди или обрабатывался ранее. Global.Users.Cache.
4:39:38 PM: Пользователь [ 155663410 ] уже в очереди или обрабатывался ранее. Global.Users.Cache.
4:39:38 PM: Пользователь [ 151554462 ] уже в очереди или обрабатывался ранее. Global.Users.Cache.
4:39:38 PM: Пользователь [ 148884833 ] уже в очереди или обрабатывался ранее. Global.Users.Cache.
4:39:38 PM: Пользователь [ 147003735 ] уже в очереди или обрабатывался ранее. Global.Users.Cache.
4:39:38 PM: Пользователь [ 146336920 ] уже в очереди или обрабатывался ранее. Global.Users.Cache.
4:39:38 PM: Пользователь [ 144763984 ] уже в очереди или обрабатывался ранее. Global.Users.Cache.
4:39:38 PM: Пользователь [ 144146790 ] уже в очереди или обрабатывался ранее. Global.Users.Cache.
4:39:38 PM: Пользователь [ 143542738 ] уже в очереди или обрабатывался ранее. Global.Users.Cache.
4:39:38 PM: Пользователь [ 138153857 ] уже в очереди или обрабатывался ранее. Global.Users.Cache.
4:39:38 PM: Пользователь [ 137561747 ] уже в очереди или обрабатывался ранее. Global.Users.Cache.
4:39:38 PM: Пользователь [ 124288217 ] уже в очереди или обрабатывался ранее. Global.Users.Cache.
4:39:38 PM: Пользователь [ 122808857 ] уже в очереди или обрабатывался ранее. Global.Users.Cache.
4:39:38 PM: Пользователь [ 121978575 ] уже в очереди или обрабатывался ранее. Global.Users.Cache.
4:39:39 PM: Пользователь [ 119585097 ] уже в очереди или обрабатывался ранее. Global.Users.Cache.
4:39:39 PM: Пользователь [ 119308820 ] уже в очереди или обрабатывался ранее. Global.Users.Cache.
4:39:39 PM: Пользователь [ 117996347 ] уже в очереди или обрабатывался ранее. Global.Users.Cache.
4:39:39 PM: Пользователь [ 112834023 ] уже в очереди или обрабатывался ранее. Global.Users.Cache.
4:39:39 PM: Пользователь [ 112038887 ] уже в очереди или обрабатывался ранее. Global.Users.Cache.
4:39:39 PM: Пользователь [ 105778205 ] уже в очереди или обрабатывался ранее. Global.Users.Cache.
4:39:39 PM: Пользователь [ 101273220 ] уже в очереди или обрабатывался ранее. Global.Users.Cache.
4:39:39 PM: Пользователь [ 100675248 ] уже в очереди или обрабатывался ранее. Global.Users.Cache.
4:39:39 PM: Пользователь [ 99787037 ] уже в очереди или обрабатывался ранее. Global.Users.Cache.
4:39:39 PM: Пользователь [ 99633391 ] уже в очереди или обрабатывался ранее. Global.Users.Cache.
4:39:39 PM: Пользователь [ 99144147 ] уже в очереди или обрабатывался ранее. Global.Users.Cache.
4:39:39 PM: Пользователь [ 88702986 ] уже в очереди или обрабатывался ранее. Global.Users.Cache.
4:39:39 PM: Пользователь [ 84719166 ] уже в очереди или обрабатывался ранее. Global.Users.Cache.
4:39:39 PM: Пользователь [ 79378691 ] уже в очереди или обрабатывался ранее. Global.Users.Cache.
4:39:40 PM: Пользователь [ 78316369 ] уже в очереди или обрабатывался ранее. Global.Users.Cache.
4:39:40 PM: Пользователь [ 74827190 ] уже в очереди или обрабатывался ранее. Global.Users.Cache.
4:39:40 PM: Пользователь [ 71024201 ] уже в очереди или обрабатывался ранее. Global.Users.Cache.
4:39:40 PM: Пользователь [ 65258441 ] уже в очереди или обрабатывался ранее. Global.Users.Cache.
4:39:40 PM: Пользователь [ 57842984 ] уже в очереди или обрабатывался ранее. Global.Users.Cache.
4:39:40 PM: Пользователь [ 55741900 ] уже в очереди или обрабатывался ранее. Global.Users.Cache.
4:39:40 PM: Пользователь [ 49498338 ] уже в очереди или обрабатывался ранее. Global.Users.Cache.
4:39:40 PM: Пользователь [ 45853196 ] уже в очереди или обрабатывался ранее. Global.Users.Cache.
4:39:40 PM: Пользователь [ 45168848 ] уже в очереди или обрабатывался ранее. Global.Users.Cache.
4:39:40 PM: Пользователь [ 120681848 ] уже в очереди или обрабатывался ранее. Global.Users.Cache.
4:39:40 PM: Пользователь [ 42283673 ] уже в очереди или обрабатывался ранее. Global.Users.Cache.
4:39:40 PM: Пользователь [ 39108341 ] уже в очереди или обрабатывался ранее. Global.Users.Cache.
4:39:40 PM: Пользователь [ 38406116 ] уже в очереди или обрабатывался ранее. Global.Users.Cache.
4:39:40 PM: Пользователь [ 34938314 ] уже в очереди или обрабатывался ранее. Global.Users.Cache.
4:39:40 PM: Пользователь [ 32907082 ] уже в очереди или обрабатывался ранее. Global.Users.Cache.
4:39:41 PM: Пользователь [ 30413777 ] уже в очереди или обрабатывался ранее. Global.Users.Cache.
4:39:41 PM: Пользователь [ 29490929 ] уже в очереди или обрабатывался ранее. Global.Users.Cache.
4:39:41 PM: Пользователь [ 25229406 ] уже в очереди или обрабатывался ранее. Global.Users.Cache.
4:39:41 PM: Пользователь [ 24182859 ] уже в очереди или обрабатывался ранее. Global.Users.Cache.
4:39:41 PM: Пользователь [ 23872465 ] уже в очереди или обрабатывался ранее. Global.Users.Cache.
4:39:41 PM: Пользователь [ 58331465 ] уже в очереди или обрабатывался ранее. Global.Users.Cache.
4:39:41 PM: Пользователь [ 22726611 ] уже в очереди или обрабатывался ранее. Global.Users.Cache.
4:39:41 PM: Пользователь [ 21466445 ] уже в очереди или обрабатывался ранее. Global.Users.Cache.
4:39:41 PM: Пользователь [ 20205424 ] уже в очереди или обрабатывался ранее. Global.Users.Cache.
4:39:41 PM: Пользователь [ 19772324 ] уже в очереди или обрабатывался ранее. Global.Users.Cache.
4:39:41 PM: Пользователь [ 19249788 ] уже в очереди или обрабатывался ранее. Global.Users.Cache.
4:39:41 PM: Пользователь [ 18273051 ] уже в очереди или обрабатывался ранее. Global.Users.Cache.
4:39:41 PM: Пользователь [ 15312431 ] уже в очереди или обрабатывался ранее. Global.Users.Cache.
4:39:41 PM: Пользователь [ 13110536 ] уже в очереди или обрабатывался ранее. Global.Users.Cache.
4:39:41 PM: Пользователь [ 9243048 ] уже в очереди или обрабатывался ранее. Global.Users.Cache.
4:39:42 PM: Пользователь [ 8366430 ] уже в очереди или обрабатывался ранее. Global.Users.Cache.
4:39:42 PM: Пользователь [ 6471300 ] уже в очереди или обрабатывался ранее. Global.Users.Cache.
4:39:42 PM: Пользователь [ 253477300 ] уже в очереди или обрабатывался ранее. Global.Users.Cache.
4:39:42 PM: Пользователь [ 295376034 ] уже в очереди или обрабатывался ранее. Global.Users.Cache.
4:39:42 PM: Пользователь [ 177559443 ] уже в очереди или обрабатывался ранее. Global.Users.Cache.
4:39:42 PM: Пользователь [ 168966535 ] уже в очереди или обрабатывался ранее. Global.Users.Cache.
4:39:42 PM: Пользователь [ 137560011 ] уже в очереди или обрабатывался ранее. Global.Users.Cache.
4:39:42 PM: Пользователь [ 58940602 ] уже в очереди или обрабатывался ранее. Global.Users.Cache.
4:39:42 PM: Пользователь [ 54583333 ] уже в очереди или обрабатывался ранее. Global.Users.Cache.
4:39:42 PM: Пользователь [ 40634282 ] уже в очереди или обрабатывался ранее. Global.Users.Cache.
4:39:42 PM: Пользователь [ 6951387 ] уже в очереди или обрабатывался ранее. Global.Users.Cache.
4:39:42 PM: Пользователь [ 309671992 ] уже в очереди или обрабатывался ранее. Global.Users.Cache.
4:39:42 PM: Пользователь [ 225571964 ] уже в очереди или обрабатывался ранее. Global.Users.Cache.
4:39:42 PM: Пользователь [ 179659901 ] уже в очереди или обрабатывался ранее. Global.Users.Cache.
4:39:42 PM: Пользователь [ 173129038 ] уже в очереди или обрабатывался ранее. Global.Users.Cache.
4:39:43 PM: Пользователь [ 162451977 ] уже в очереди или обрабатывался ранее. Global.Users.Cache.
4:39:43 PM: Пользователь [ 145623311 ] уже в очереди или обрабатывался ранее. Global.Users.Cache.
4:39:43 PM: Пользователь [ 143579418 ] уже в очереди или обрабатывался ранее. Global.Users.Cache.
4:39:43 PM: Пользователь [ 107546876 ] уже в очереди или обрабатывался ранее. Global.Users.Cache.
4:39:43 PM: Пользователь [ 106467911 ] уже в очереди или обрабатывался ранее. Global.Users.Cache.
4:39:43 PM: Пользователь [ 105807268 ] уже в очереди или обрабатывался ранее. Global.Users.Cache.
4:39:43 PM: Пользователь [ 101127994 ] уже в очереди или обрабатывался ранее. Global.Users.Cache.
4:39:43 PM: Пользователь [ 77227351 ] уже в очереди или обрабатывался ранее. Global.Users.Cache.
4:39:43 PM: Пользователь [ 72530185 ] уже в очереди или обрабатывался ранее. Global.Users.Cache.
4:39:43 PM: Пользователь [ 64339512 ] уже в очереди или обрабатывался ранее. Global.Users.Cache.
4:39:43 PM: Пользователь [ 49890786 ] уже в очереди или обрабатывался ранее. Global.Users.Cache.
4:39:43 PM: Пользователь [ 44057652 ] уже в очереди или обрабатывался ранее. Global.Users.Cache.
4:39:43 PM: Пользователь [ 38318836 ] уже в очереди или обрабатывался ранее. Global.Users.Cache.
4:39:44 PM: Пользователь [ 34064486 ] уже в очереди или обрабатывался ранее. Global.Users.Cache.
4:39:44 PM: Пользователь [ 32272802 ] уже в очереди или обрабатывался ранее. Global.Users.Cache.
4:39:44 PM: Пользователь [ 27088288 ] уже в очереди или обрабатывался ранее. Global.Users.Cache.
4:39:44 PM: Пользователь [ 24123814 ] уже в очереди или обрабатывался ранее. Global.Users.Cache.
4:39:44 PM: Пользователь [ 19255429 ] уже в очереди или обрабатывался ранее. Global.Users.Cache.
4:39:44 PM: Пользователь [ 18529957 ] уже в очереди или обрабатывался ранее. Global.Users.Cache.
4:39:44 PM: Пользователь [ 14682690 ] уже в очереди или обрабатывался ранее. Global.Users.Cache.
4:39:44 PM: Пользователь [ 12223318 ] уже в очереди или обрабатывался ранее. Global.Users.Cache.
4:39:44 PM: Пользователь [ 445789462 ] уже в очереди или обрабатывался ранее. Global.Users.Cache.
4:39:44 PM: Пользователь [ 229024603 ] уже в очереди или обрабатывался ранее. Global.Users.Cache.
4:39:44 PM: Пользователь [ 217838615 ] уже в очереди или обрабатывался ранее. Global.Users.Cache.
4:39:44 PM: Пользователь [ 214915103 ] уже в очереди или обрабатывался ранее. Global.Users.Cache.
4:39:44 PM: Пользователь [ 208520422 ] уже в очереди или обрабатывался ранее. Global.Users.Cache.
4:39:44 PM: Пользователь [ 208348439 ] уже в очереди или обрабатывался ранее. Global.Users.Cache.
4:39:44 PM: Пользователь [ 201871089 ] уже в очереди или обрабатывался ранее. Global.Users.Cache.
4:39:45 PM: Пользователь [ 199299344 ] уже в очереди или обрабатывался ранее. Global.Users.Cache.
4:39:45 PM: Пользователь [ 187190691 ] уже в очереди или обрабатывался ранее. Global.Users.Cache.
4:39:45 PM: Пользователь [ 178956129 ] уже в очереди или обрабатывался ранее. Global.Users.Cache.
4:39:45 PM: Пользователь [ 173248402 ] уже в очереди или обрабатывался ранее. Global.Users.Cache.
4:39:45 PM: Пользователь [ 160895117 ] уже в очереди или обрабатывался ранее. Global.Users.Cache.
4:39:45 PM: Пользователь [ 157635798 ] уже в очереди или обрабатывался ранее. Global.Users.Cache.
4:39:45 PM: Пользователь [ 152637797 ] уже в очереди или обрабатывался ранее. Global.Users.Cache.
4:39:45 PM: Пользователь [ 151626985 ] уже в очереди или обрабатывался ранее. Global.Users.Cache.
4:39:45 PM: Пользователь [ 145190135 ] уже в очереди или обрабатывался ранее. Global.Users.Cache.
4:39:45 PM: Пользователь [ 143071910 ] уже в очереди или обрабатывался ранее. Global.Users.Cache.
4:39:45 PM: Пользователь [ 140653382 ] уже в очереди или обрабатывался ранее. Global.Users.Cache.
4:39:45 PM: Пользователь [ 138922876 ] уже в очереди или обрабатывался ранее. Global.Users.Cache.
4:39:45 PM: Пользователь [ 134370120 ] уже в очереди или обрабатывался ранее. Global.Users.Cache.
4:39:45 PM: Пользователь [ 123390107 ] уже в очереди или обрабатывался ранее. Global.Users.Cache.
4:39:45 PM: Пользователь [ 116528722 ] уже в очереди или обрабатывался ранее. Global.Users.Cache.
4:39:45 PM: Пользователь [ 103335914 ] уже в очереди или обрабатывался ранее. Global.Users.Cache.
4:39:46 PM: Пользователь [ 101862598 ] уже в очереди или обрабатывался ранее. Global.Users.Cache.
4:39:46 PM: Пользователь [ 87457893 ] уже в очереди или обрабатывался ранее. Global.Users.Cache.
4:39:46 PM: Пользователь [ 84836751 ] уже в очереди или обрабатывался ранее. Global.Users.Cache.
4:39:46 PM: Пользователь [ 77161620 ] уже в очереди или обрабатывался ранее. Global.Users.Cache.
4:39:46 PM: Пользователь [ 74993295 ] уже в очереди или обрабатывался ранее. Global.Users.Cache.
4:39:46 PM: Пользователь [ 65549090 ] уже в очереди или обрабатывался ранее. Global.Users.Cache.
4:39:46 PM: Пользователь [ 64926383 ] уже в очереди или обрабатывался ранее. Global.Users.Cache.
4:39:46 PM: Пользователь [ 59623925 ] уже в очереди или обрабатывался ранее. Global.Users.Cache.
4:39:46 PM: Пользователь [ 57616188 ] уже в очереди или обрабатывался ранее. Global.Users.Cache.
4:39:46 PM: Пользователь [ 52584225 ] уже в очереди или обрабатывался ранее. Global.Users.Cache.
4:39:46 PM: Пользователь [ 49614228 ] уже в очереди или обрабатывался ранее. Global.Users.Cache.
4:39:46 PM: Пользователь [ 49464848 ] уже в очереди или обрабатывался ранее. Global.Users.Cache.
4:39:46 PM: Пользователь [ 47802773 ] уже в очереди или обрабатывался ранее. Global.Users.Cache.
4:39:46 PM: Пользователь [ 46885403 ] уже в очереди или обрабатывался ранее. Global.Users.Cache.
4:39:47 PM: Пользователь [ 43926454 ] уже в очереди или обрабатывался ранее. Global.Users.Cache.
4:39:47 PM: Пользователь [ 42716254 ] уже в очереди или обрабатывался ранее. Global.Users.Cache.
4:39:47 PM: Пользователь [ 39813498 ] уже в очереди или обрабатывался ранее. Global.Users.Cache.
4:39:47 PM: Пользователь [ 38185364 ] уже в очереди или обрабатывался ранее. Global.Users.Cache.
4:39:47 PM: Пользователь [ 36348479 ] уже в очереди или обрабатывался ранее. Global.Users.Cache.
4:39:47 PM: Пользователь [ 33587953 ] уже в очереди или обрабатывался ранее. Global.Users.Cache.
4:39:47 PM: Пользователь [ 32162127 ] уже в очереди или обрабатывался ранее. Global.Users.Cache.
4:39:47 PM: Пользователь [ 31875116 ] уже в очереди или обрабатывался ранее. Global.Users.Cache.
4:39:47 PM: Пользователь [ 31593400 ] уже в очереди или обрабатывался ранее. Global.Users.Cache.
4:39:47 PM: Пользователь [ 28576038 ] уже в очереди или обрабатывался ранее. Global.Users.Cache.
4:39:47 PM: Пользователь [ 26555062 ] уже в очереди или обрабатывался ранее. Global.Users.Cache.
4:39:47 PM: Пользователь [ 22593549 ] уже в очереди или обрабатывался ранее. Global.Users.Cache.
4:39:47 PM: Пользователь [ 14813591 ] уже в очереди или обрабатывался ранее. Global.Users.Cache.
4:39:47 PM: Пользователь [ 8849674 ] уже в очереди или обрабатывался ранее. Global.Users.Cache.
4:39:47 PM: Пользователь [ 3498110 ] уже в очереди или обрабатывался ранее. Global.Users.Cache.
4:39:48 PM: Пользователь [ 172921218 ] уже в очереди или обрабатывался ранее. Global.Users.Cache.
4:39:48 PM: Пользователь [ 134968796 ] уже в очереди или обрабатывался ранее. Global.Users.Cache.
4:39:48 PM: Пользователь [ 3582178 ] уже в очереди или обрабатывался ранее. Global.Users.Cache.
4:39:48 PM: Пользователь [ 450527175 ] уже в очереди или обрабатывался ранее. Global.Users.Cache.
4:39:48 PM: Пользователь [ 403831185 ] уже в очереди или обрабатывался ранее. Global.Users.Cache.
4:39:48 PM: Пользователь [ 352886488 ] уже в очереди или обрабатывался ранее. Global.Users.Cache.
4:39:48 PM: Пользователь [ 343666448 ] уже в очереди или обрабатывался ранее. Global.Users.Cache.
4:39:48 PM: Пользователь [ 312563270 ] уже в очереди или обрабатывался ранее. Global.Users.Cache.
4:39:48 PM: Пользователь [ 366678270 ] уже в очереди или обрабатывался ранее. Global.Users.Cache.
4:39:48 PM: Пользователь [ 310601077 ] уже в очереди или обрабатывался ранее. Global.Users.Cache.
4:39:48 PM: Пользователь [ 298161115 ] уже в очереди или обрабатывался ранее. Global.Users.Cache.
4:39:48 PM: Пользователь [ 298064865 ] уже в очереди или обрабатывался ранее. Global.Users.Cache.
4:39:48 PM: :::::::::::::::::::::::::::::::::::::::::::::::::::::::
4:39:49 PM: ADD USERS BY VK SEARCH URL
4:39:49 PM: :::::::::::::::::::::::::::::::::::::::::::::::::::::::
4:39:49 PM: ITERATION: 3
4:39:49 PM: OFFSET:    462
4:39:49 PM: COUNT:     231
4:39:49 PM: 50 :: Пауза
4:39:50 PM: 50 :: Пауза
4:39:50 PM: Пользователь [ 266102703 ] уже в очереди или обрабатывался ранее. Global.Users.Cache.
4:39:50 PM: Пользователь [ 258595383 ] уже в очереди или обрабатывался ранее. Global.Users.Cache.
4:39:50 PM: Пользователь [ 239749278 ] уже в очереди или обрабатывался ранее. Global.Users.Cache.
4:39:50 PM: Пользователь [ 238184142 ] уже в очереди или обрабатывался ранее. Global.Users.Cache.
4:39:50 PM: Пользователь [ 306149142 ] уже в очереди или обрабатывался ранее. Global.Users.Cache.
4:39:50 PM: Пользователь [ 234629840 ] уже в очереди или обрабатывался ранее. Global.Users.Cache.
4:39:50 PM: Пользователь [ 233914461 ] уже в очереди или обрабатывался ранее. Global.Users.Cache.
4:39:50 PM: Пользователь [ 232050265 ] уже в очереди или обрабатывался ранее. Global.Users.Cache.
4:39:50 PM: Пользователь [ 221996180 ] уже в очереди или обрабатывался ранее. Global.Users.Cache.
4:39:50 PM: Пользователь [ 220812628 ] уже в очереди или обрабатывался ранее. Global.Users.Cache.
4:39:50 PM: Пользователь [ 220665360 ] уже в очереди или обрабатывался ранее. Global.Users.Cache.
4:39:51 PM: Пользователь [ 210640546 ] уже в очереди или обрабатывался ранее. Global.Users.Cache.
4:39:51 PM: Пользователь [ 207906970 ] уже в очереди или обрабатывался ранее. Global.Users.Cache.
4:39:51 PM: Пользователь [ 188734958 ] уже в очереди или обрабатывался ранее. Global.Users.Cache.
4:39:51 PM: Пользователь [ 180925791 ] уже в очереди или обрабатывался ранее. Global.Users.Cache.
4:39:51 PM: Пользователь [ 178437616 ] уже в очереди или обрабатывался ранее. Global.Users.Cache.
4:39:51 PM: Пользователь [ 173904621 ] уже в очереди или обрабатывался ранее. Global.Users.Cache.
4:39:51 PM: Пользователь [ 165130122 ] уже в очереди или обрабатывался ранее. Global.Users.Cache.
4:39:51 PM: Пользователь [ 157646402 ] уже в очереди или обрабатывался ранее. Global.Users.Cache.
4:39:51 PM: Пользователь [ 156496752 ] уже в очереди или обрабатывался ранее. Global.Users.Cache.
4:39:51 PM: Пользователь [ 154953365 ] уже в очереди или обрабатывался ранее. Global.Users.Cache.
4:39:51 PM: Пользователь [ 153365703 ] уже в очереди или обрабатывался ранее. Global.Users.Cache.
4:39:51 PM: Пользователь [ 151475477 ] уже в очереди или обрабатывался ранее. Global.Users.Cache.
4:39:51 PM: Пользователь [ 144711859 ] уже в очереди или обрабатывался ранее. Global.Users.Cache.
4:39:51 PM: Пользователь [ 136221839 ] уже в очереди или обрабатывался ранее. Global.Users.Cache.
4:39:52 PM: Пользователь [ 135119428 ] уже в очереди или обрабатывался ранее. Global.Users.Cache.
4:39:52 PM: Пользователь [ 134246114 ] уже в очереди или обрабатывался ранее. Global.Users.Cache.
4:39:52 PM: Пользователь [ 120878985 ] уже в очереди или обрабатывался ранее. Global.Users.Cache.
4:39:52 PM: Пользователь [ 118763338 ] уже в очереди или обрабатывался ранее. Global.Users.Cache.
4:39:52 PM: Пользователь [ 115829874 ] уже в очереди или обрабатывался ранее. Global.Users.Cache.
4:39:52 PM: Пользователь [ 99859614 ] уже в очереди или обрабатывался ранее. Global.Users.Cache.
4:39:52 PM: Пользователь [ 97015699 ] уже в очереди или обрабатывался ранее. Global.Users.Cache.
4:39:52 PM: Пользователь [ 90612720 ] уже в очереди или обрабатывался ранее. Global.Users.Cache.
4:39:52 PM: Пользователь [ 83633952 ] уже в очереди или обрабатывался ранее. Global.Users.Cache.
4:39:52 PM: Пользователь [ 83105173 ] уже в очереди или обрабатывался ранее. Global.Users.Cache.
4:39:52 PM: Пользователь [ 380484173 ] уже в очереди или обрабатывался ранее. Global.Users.Cache.
4:39:52 PM: Пользователь [ 76879644 ] уже в очереди или обрабатывался ранее. Global.Users.Cache.
4:39:52 PM: Пользователь [ 75093385 ] уже в очереди или обрабатывался ранее. Global.Users.Cache.
4:39:52 PM: Пользователь [ 72440236 ] уже в очереди или обрабатывался ранее. Global.Users.Cache.
4:39:52 PM: Пользователь [ 72224362 ] уже в очереди или обрабатывался ранее. Global.Users.Cache.
4:39:53 PM: Пользователь [ 66014295 ] уже в очереди или обрабатывался ранее. Global.Users.Cache.
4:39:53 PM: Пользователь [ 65130920 ] уже в очереди или обрабатывался ранее. Global.Users.Cache.
4:39:53 PM: Пользователь [ 64240747 ] уже в очереди или обрабатывался ранее. Global.Users.Cache.
4:39:53 PM: Пользователь [ 64133521 ] уже в очереди или обрабатывался ранее. Global.Users.Cache.
4:39:53 PM: Пользователь [ 62960018 ] уже в очереди или обрабатывался ранее. Global.Users.Cache.
4:39:53 PM: Пользователь [ 51126366 ] уже в очереди или обрабатывался ранее. Global.Users.Cache.
4:39:53 PM: Пользователь [ 50405611 ] уже в очереди или обрабатывался ранее. Global.Users.Cache.
4:39:53 PM: Пользователь [ 41694358 ] уже в очереди или обрабатывался ранее. Global.Users.Cache.
4:39:53 PM: Пользователь [ 33159848 ] уже в очереди или обрабатывался ранее. Global.Users.Cache.
4:39:53 PM: Пользователь [ 23624504 ] уже в очереди или обрабатывался ранее. Global.Users.Cache.
4:39:53 PM: Пользователь [ 20763588 ] уже в очереди или обрабатывался ранее. Global.Users.Cache.
4:39:53 PM: Пользователь [ 16354871 ] уже в очереди или обрабатывался ранее. Global.Users.Cache.
4:39:54 PM: Пользователь [ 13907000 ] уже в очереди или обрабатывался ранее. Global.Users.Cache.
4:39:54 PM: Пользователь [ 6284412 ] уже в очереди или обрабатывался ранее. Global.Users.Cache.
4:39:54 PM: Пользователь [ 150748129 ] уже в очереди или обрабатывался ранее. Global.Users.Cache.
4:39:54 PM: Пользователь [ 134124822 ] уже в очереди или обрабатывался ранее. Global.Users.Cache.
4:39:54 PM: Пользователь [ 75592135 ] уже в очереди или обрабатывался ранее. Global.Users.Cache.
4:39:54 PM: Пользователь [ 71852628 ] уже в очереди или обрабатывался ранее. Global.Users.Cache.
4:39:54 PM: Пользователь [ 62032275 ] уже в очереди или обрабатывался ранее. Global.Users.Cache.
4:39:54 PM: Пользователь [ 39189374 ] уже в очереди или обрабатывался ранее. Global.Users.Cache.
4:39:54 PM: Пользователь [ 23180400 ] уже в очереди или обрабатывался ранее. Global.Users.Cache.
4:39:54 PM: Пользователь [ 22576680 ] уже в очереди или обрабатывался ранее. Global.Users.Cache.
4:39:54 PM: Пользователь [ 343034017 ] уже в очереди или обрабатывался ранее. Global.Users.Cache.
4:39:54 PM: Пользователь [ 270145492 ] уже в очереди или обрабатывался ранее. Global.Users.Cache.
4:39:54 PM: Пользователь [ 175701944 ] уже в очереди или обрабатывался ранее. Global.Users.Cache.
4:39:55 PM: Пользователь [ 163963117 ] уже в очереди или обрабатывался ранее. Global.Users.Cache.
4:39:55 PM: Пользователь [ 159637455 ] уже в очереди или обрабатывался ранее. Global.Users.Cache.
4:39:55 PM: Пользователь [ 140934493 ] уже в очереди или обрабатывался ранее. Global.Users.Cache.
4:39:55 PM: Пользователь [ 135744116 ] уже в очереди или обрабатывался ранее. Global.Users.Cache.
4:39:55 PM: Пользователь [ 84864187 ] уже в очереди или обрабатывался ранее. Global.Users.Cache.
4:39:55 PM: Пользователь [ 49274409 ] уже в очереди или обрабатывался ранее. Global.Users.Cache.
4:39:55 PM: Пользователь [ 39603944 ] уже в очереди или обрабатывался ранее. Global.Users.Cache.
4:39:55 PM: Пользователь [ 28701570 ] уже в очереди или обрабатывался ранее. Global.Users.Cache.
4:39:55 PM: Пользователь [ 24519641 ] уже в очереди или обрабатывался ранее. Global.Users.Cache.
4:39:55 PM: Пользователь [ 24052523 ] уже в очереди или обрабатывался ранее. Global.Users.Cache.
4:39:55 PM: Пользователь [ 278325955 ] уже в очереди или обрабатывался ранее. Global.Users.Cache.
4:39:55 PM: Пользователь [ 234780057 ] уже в очереди или обрабатывался ранее. Global.Users.Cache.
4:39:55 PM: Пользователь [ 202167753 ] уже в очереди или обрабатывался ранее. Global.Users.Cache.
4:39:55 PM: Пользователь [ 197662098 ] уже в очереди или обрабатывался ранее. Global.Users.Cache.
4:39:56 PM: Пользователь [ 191346432 ] уже в очереди или обрабатывался ранее. Global.Users.Cache.
4:39:56 PM: Пользователь [ 187306101 ] уже в очереди или обрабатывался ранее. Global.Users.Cache.
4:39:56 PM: Пользователь [ 177952150 ] уже в очереди или обрабатывался ранее. Global.Users.Cache.
4:39:56 PM: Пользователь [ 156676712 ] уже в очереди или обрабатывался ранее. Global.Users.Cache.
4:39:56 PM: Пользователь [ 143177605 ] уже в очереди или обрабатывался ранее. Global.Users.Cache.
4:39:56 PM: Пользователь [ 139146140 ] уже в очереди или обрабатывался ранее. Global.Users.Cache.
4:39:56 PM: Пользователь [ 132431925 ] уже в очереди или обрабатывался ранее. Global.Users.Cache.
4:39:56 PM: Пользователь [ 127815214 ] уже в очереди или обрабатывался ранее. Global.Users.Cache.
4:39:56 PM: Пользователь [ 108207514 ] уже в очереди или обрабатывался ранее. Global.Users.Cache.
4:39:56 PM: Пользователь [ 106818016 ] уже в очереди или обрабатывался ранее. Global.Users.Cache.
4:39:56 PM: Пользователь [ 86008884 ] уже в очереди или обрабатывался ранее. Global.Users.Cache.
4:39:56 PM: Пользователь [ 72592285 ] уже в очереди или обрабатывался ранее. Global.Users.Cache.
4:39:56 PM: Пользователь [ 69070652 ] уже в очереди или обрабатывался ранее. Global.Users.Cache.
4:39:56 PM: Пользователь [ 68876037 ] уже в очереди или обрабатывался ранее. Global.Users.Cache.
4:39:56 PM: Пользователь [ 47482242 ] уже в очереди или обрабатывался ранее. Global.Users.Cache.
4:39:57 PM: Пользователь [ 34741490 ] уже в очереди или обрабатывался ранее. Global.Users.Cache.
4:39:57 PM: Пользователь [ 32551949 ] уже в очереди или обрабатывался ранее. Global.Users.Cache.
4:39:57 PM: Пользователь [ 25559521 ] уже в очереди или обрабатывался ранее. Global.Users.Cache.
4:39:57 PM: Пользователь [ 25133465 ] уже в очереди или обрабатывался ранее. Global.Users.Cache.
4:39:57 PM: Пользователь [ 12131064 ] уже в очереди или обрабатывался ранее. Global.Users.Cache.
4:39:57 PM: Пользователь [ 11379928 ] уже в очереди или обрабатывался ранее. Global.Users.Cache.
4:39:57 PM: Пользователь [ 5044404 ] уже в очереди или обрабатывался ранее. Global.Users.Cache.
4:39:57 PM: Пользователь [ 377997298 ] уже в очереди или обрабатывался ранее. Global.Users.Cache.
4:39:57 PM: Пользователь [ 276490320 ] уже в очереди или обрабатывался ранее. Global.Users.Cache.
4:39:57 PM: Пользователь [ 210603905 ] уже в очереди или обрабатывался ранее. Global.Users.Cache.
4:39:57 PM: Пользователь [ 140812129 ] уже в очереди или обрабатывался ранее. Global.Users.Cache.
4:39:57 PM: Пользователь [ 139735350 ] уже в очереди или обрабатывался ранее. Global.Users.Cache.
4:39:57 PM: Пользователь [ 112808041 ] уже в очереди или обрабатывался ранее. Global.Users.Cache.
4:39:57 PM: Пользователь [ 43069569 ] уже в очереди или обрабатывался ранее. Global.Users.Cache.
4:39:58 PM: Пользователь [ 424067687 ] уже в очереди или обрабатывался ранее. Global.Users.Cache.
4:39:58 PM: Пользователь [ 372712988 ] уже в очереди или обрабатывался ранее. Global.Users.Cache.
4:39:58 PM: Пользователь [ 368364680 ] уже в очереди или обрабатывался ранее. Global.Users.Cache.
4:39:58 PM: Пользователь [ 339159394 ] уже в очереди или обрабатывался ранее. Global.Users.Cache.
4:39:58 PM: Пользователь [ 312270875 ] уже в очереди или обрабатывался ранее. Global.Users.Cache.
4:39:58 PM: Пользователь [ 297422537 ] уже в очереди или обрабатывался ранее. Global.Users.Cache.
4:39:58 PM: Пользователь [ 267303794 ] уже в очереди или обрабатывался ранее. Global.Users.Cache.
4:39:58 PM: Пользователь [ 265675305 ] уже в очереди или обрабатывался ранее. Global.Users.Cache.
4:39:58 PM: Пользователь [ 264715170 ] уже в очереди или обрабатывался ранее. Global.Users.Cache.
4:39:58 PM: Пользователь [ 249183262 ] уже в очереди или обрабатывался ранее. Global.Users.Cache.
4:39:58 PM: Пользователь [ 237976669 ] уже в очереди или обрабатывался ранее. Global.Users.Cache.
4:39:58 PM: Пользователь [ 236935405 ] уже в очереди или обрабатывался ранее. Global.Users.Cache.
4:39:58 PM: Пользователь [ 235703144 ] уже в очереди или обрабатывался ранее. Global.Users.Cache.
4:39:58 PM: Пользователь [ 224755857 ] уже в очереди или обрабатывался ранее. Global.Users.Cache.
4:39:59 PM: Пользователь [ 217356583 ] уже в очереди или обрабатывался ранее. Global.Users.Cache.
4:39:59 PM: Пользователь [ 211096545 ] уже в очереди или обрабатывался ранее. Global.Users.Cache.
4:39:59 PM: Пользователь [ 208262052 ] уже в очереди или обрабатывался ранее. Global.Users.Cache.
4:39:59 PM: Пользователь [ 194149512 ] уже в очереди или обрабатывался ранее. Global.Users.Cache.
4:39:59 PM: Пользователь [ 193139382 ] уже в очереди или обрабатывался ранее. Global.Users.Cache.
4:39:59 PM: Пользователь [ 191852326 ] уже в очереди или обрабатывался ранее. Global.Users.Cache.
4:39:59 PM: Пользователь [ 182546289 ] уже в очереди или обрабатывался ранее. Global.Users.Cache.
4:39:59 PM: Пользователь [ 170009584 ] уже в очереди или обрабатывался ранее. Global.Users.Cache.
4:39:59 PM: Пользователь [ 169381054 ] уже в очереди или обрабатывался ранее. Global.Users.Cache.
4:39:59 PM: Пользователь [ 168866784 ] уже в очереди или обрабатывался ранее. Global.Users.Cache.
4:39:59 PM: Пользователь [ 162604937 ] уже в очереди или обрабатывался ранее. Global.Users.Cache.
4:39:59 PM: Пользователь [ 157675374 ] уже в очереди или обрабатывался ранее. Global.Users.Cache.
4:39:59 PM: Пользователь [ 149105892 ] уже в очереди или обрабатывался ранее. Global.Users.Cache.
4:39:59 PM: Пользователь [ 142866337 ] уже в очереди или обрабатывался ранее. Global.Users.Cache.
4:40:00 PM: Пользователь [ 142573486 ] уже в очереди или обрабатывался ранее. Global.Users.Cache.
4:40:00 PM: Пользователь [ 130207896 ] уже в очереди или обрабатывался ранее. Global.Users.Cache.
4:40:00 PM: Пользователь [ 121849649 ] уже в очереди или обрабатывался ранее. Global.Users.Cache.
4:40:00 PM: Пользователь [ 106705535 ] уже в очереди или обрабатывался ранее. Global.Users.Cache.
4:40:00 PM: Пользователь [ 94622165 ] уже в очереди или обрабатывался ранее. Global.Users.Cache.
4:40:00 PM: Пользователь [ 88965441 ] уже в очереди или обрабатывался ранее. Global.Users.Cache.
4:40:00 PM: Пользователь [ 74211606 ] уже в очереди или обрабатывался ранее. Global.Users.Cache.
4:40:00 PM: Пользователь [ 64537600 ] уже в очереди или обрабатывался ранее. Global.Users.Cache.
4:40:00 PM: Пользователь [ 61495365 ] уже в очереди или обрабатывался ранее. Global.Users.Cache.
4:40:00 PM: Пользователь [ 48412978 ] уже в очереди или обрабатывался ранее. Global.Users.Cache.
4:40:00 PM: Пользователь [ 48234297 ] уже в очереди или обрабатывался ранее. Global.Users.Cache.
4:40:00 PM: Пользователь [ 43203757 ] уже в очереди или обрабатывался ранее. Global.Users.Cache.
4:40:00 PM: Пользователь [ 33668285 ] уже в очереди или обрабатывался ранее. Global.Users.Cache.
4:40:01 PM: Пользователь [ 19616343 ] уже в очереди или обрабатывался ранее. Global.Users.Cache.
4:40:01 PM: Пользователь [ 19012270 ] уже в очереди или обрабатывался ранее. Global.Users.Cache.
4:40:01 PM: Пользователь [ 5257140 ] уже в очереди или обрабатывался ранее. Global.Users.Cache.
4:40:01 PM: Пользователь [ 2595964 ] уже в очереди или обрабатывался ранее. Global.Users.Cache.
4:40:01 PM: Пользователь [ 162478499 ] уже в очереди или обрабатывался ранее. Global.Users.Cache.
4:40:01 PM: Пользователь [ 155192803 ] уже в очереди или обрабатывался ранее. Global.Users.Cache.
4:40:01 PM: Пользователь [ 131790410 ] уже в очереди или обрабатывался ранее. Global.Users.Cache.
4:40:01 PM: Пользователь [ 118962505 ] уже в очереди или обрабатывался ранее. Global.Users.Cache.
4:40:01 PM: Пользователь [ 110853960 ] уже в очереди или обрабатывался ранее. Global.Users.Cache.
4:40:01 PM: Пользователь [ 97133965 ] уже в очереди или обрабатывался ранее. Global.Users.Cache.
4:40:01 PM: Пользователь [ 16558378 ] уже в очереди или обрабатывался ранее. Global.Users.Cache.
4:40:01 PM: Пользователь [ 206592736 ] уже в очереди или обрабатывался ранее. Global.Users.Cache.
4:40:01 PM: Пользователь [ 186024153 ] уже в очереди или обрабатывался ранее. Global.Users.Cache.
4:40:01 PM: Пользователь [ 165862233 ] уже в очереди или обрабатывался ранее. Global.Users.Cache.
4:40:02 PM: Пользователь [ 146885265 ] уже в очереди или обрабатывался ранее. Global.Users.Cache.
4:40:02 PM: Пользователь [ 127159407 ] уже в очереди или обрабатывался ранее. Global.Users.Cache.
4:40:02 PM: Пользователь [ 119014501 ] уже в очереди или обрабатывался ранее. Global.Users.Cache.
4:40:02 PM: Пользователь [ 113192393 ] уже в очереди или обрабатывался ранее. Global.Users.Cache.
4:40:02 PM: Пользователь [ 106047028 ] уже в очереди или обрабатывался ранее. Global.Users.Cache.
4:40:02 PM: Пользователь [ 93405639 ] уже в очереди или обрабатывался ранее. Global.Users.Cache.
4:40:02 PM: Пользователь [ 83138435 ] уже в очереди или обрабатывался ранее. Global.Users.Cache.
4:40:02 PM: Пользователь [ 43741092 ] уже в очереди или обрабатывался ранее. Global.Users.Cache.
4:40:02 PM: Пользователь [ 25932100 ] уже в очереди или обрабатывался ранее. Global.Users.Cache.
4:40:02 PM: Пользователь [ 11266381 ] уже в очереди или обрабатывался ранее. Global.Users.Cache.
4:40:02 PM: Пользователь [ 373763978 ] уже в очереди или обрабатывался ранее. Global.Users.Cache.
4:40:02 PM: Пользователь [ 340464000 ] уже в очереди или обрабатывался ранее. Global.Users.Cache.
4:40:02 PM: Пользователь [ 253226442 ] уже в очереди или обрабатывался ранее. Global.Users.Cache.
4:40:02 PM: Пользователь [ 252599541 ] уже в очереди или обрабатывался ранее. Global.Users.Cache.
4:40:03 PM: Пользователь [ 242884566 ] уже в очереди или обрабатывался ранее. Global.Users.Cache.
4:40:03 PM: Пользователь [ 229447627 ] уже в очереди или обрабатывался ранее. Global.Users.Cache.
4:40:03 PM: Пользователь [ 217700750 ] уже в очереди или обрабатывался ранее. Global.Users.Cache.
4:40:03 PM: Пользователь [ 203694307 ] уже в очереди или обрабатывался ранее. Global.Users.Cache.
4:40:03 PM: Пользователь [ 201612589 ] уже в очереди или обрабатывался ранее. Global.Users.Cache.
4:40:03 PM: Пользователь [ 161624323 ] уже в очереди или обрабатывался ранее. Global.Users.Cache.
4:40:03 PM: Пользователь [ 158677562 ] уже в очереди или обрабатывался ранее. Global.Users.Cache.
4:40:03 PM: Пользователь [ 155156962 ] уже в очереди или обрабатывался ранее. Global.Users.Cache.
4:40:03 PM: Пользователь [ 154611917 ] уже в очереди или обрабатывался ранее. Global.Users.Cache.
4:40:03 PM: Пользователь [ 152191084 ] уже в очереди или обрабатывался ранее. Global.Users.Cache.
4:40:03 PM: Пользователь [ 151652383 ] уже в очереди или обрабатывался ранее. Global.Users.Cache.
4:40:03 PM: Пользователь [ 147197315 ] уже в очереди или обрабатывался ранее. Global.Users.Cache.
4:40:03 PM: Пользователь [ 144488005 ] уже в очереди или обрабатывался ранее. Global.Users.Cache.
4:40:04 PM: Пользователь [ 141116279 ] уже в очереди или обрабатывался ранее. Global.Users.Cache.
4:40:04 PM: Пользователь [ 120933005 ] уже в очереди или обрабатывался ранее. Global.Users.Cache.
4:40:04 PM: Пользователь [ 103416986 ] уже в очереди или обрабатывался ранее. Global.Users.Cache.
4:40:04 PM: Пользователь [ 103174344 ] уже в очереди или обрабатывался ранее. Global.Users.Cache.
4:40:04 PM: Пользователь [ 97300333 ] уже в очереди или обрабатывался ранее. Global.Users.Cache.
4:40:04 PM: Пользователь [ 87402793 ] уже в очереди или обрабатывался ранее. Global.Users.Cache.
4:40:04 PM: Пользователь [ 58248363 ] уже в очереди или обрабатывался ранее. Global.Users.Cache.
4:40:04 PM: Пользователь [ 55736121 ] уже в очереди или обрабатывался ранее. Global.Users.Cache.
4:40:04 PM: Пользователь [ 53083672 ] уже в очереди или обрабатывался ранее. Global.Users.Cache.
4:40:04 PM: Пользователь [ 52462039 ] уже в очереди или обрабатывался ранее. Global.Users.Cache.
4:40:04 PM: Пользователь [ 52405670 ] уже в очереди или обрабатывался ранее. Global.Users.Cache.
4:40:04 PM: Пользователь [ 50548680 ] уже в очереди или обрабатывался ранее. Global.Users.Cache.
4:40:04 PM: Пользователь [ 49795963 ] уже в очереди или обрабатывался ранее. Global.Users.Cache.
4:40:04 PM: Пользователь [ 45788712 ] уже в очереди или обрабатывался ранее. Global.Users.Cache.
4:40:05 PM: Пользователь [ 44720735 ] уже в очереди или обрабатывался ранее. Global.Users.Cache.
4:40:05 PM: Пользователь [ 41130039 ] уже в очереди или обрабатывался ранее. Global.Users.Cache.
4:40:05 PM: Пользователь [ 37419224 ] уже в очереди или обрабатывался ранее. Global.Users.Cache.
4:40:05 PM: Пользователь [ 37022161 ] уже в очереди или обрабатывался ранее. Global.Users.Cache.
4:40:05 PM: Пользователь [ 33627011 ] уже в очереди или обрабатывался ранее. Global.Users.Cache.
4:40:05 PM: Пользователь [ 18573343 ] уже в очереди или обрабатывался ранее. Global.Users.Cache.
4:40:05 PM: Пользователь [ 16174230 ] уже в очереди или обрабатывался ранее. Global.Users.Cache.
4:40:05 PM: Пользователь [ 12932073 ] уже в очереди или обрабатывался ранее. Global.Users.Cache.
4:40:05 PM: Пользователь [ 156916795 ] уже в очереди или обрабатывался ранее. Global.Users.Cache.
4:40:05 PM: Пользователь [ 146077241 ] уже в очереди или обрабатывался ранее. Global.Users.Cache.
4:40:05 PM: Пользователь [ 136816841 ] уже в очереди или обрабатывался ранее. Global.Users.Cache.
4:40:05 PM: Пользователь [ 70702171 ] уже в очереди или обрабатывался ранее. Global.Users.Cache.
4:40:05 PM: Пользователь [ 18050863 ] уже в очереди или обрабатывался ранее. Global.Users.Cache.
4:40:05 PM: Пользователь [ 444575817 ] уже в очереди или обрабатывался ранее. Global.Users.Cache.
4:40:06 PM: Пользователь [ 443432138 ] уже в очереди или обрабатывался ранее. Global.Users.Cache.
4:40:06 PM: Пользователь [ 443258100 ] уже в очереди или обрабатывался ранее. Global.Users.Cache.
4:40:06 PM: Пользователь [ 415428906 ] уже в очереди или обрабатывался ранее. Global.Users.Cache.
4:40:06 PM: Пользователь [ 401640405 ] уже в очереди или обрабатывался ранее. Global.Users.Cache.
4:40:06 PM: Пользователь [ 401433010 ] уже в очереди или обрабатывался ранее. Global.Users.Cache.
4:40:06 PM: Пользователь [ 397023145 ] уже в очереди или обрабатывался ранее. Global.Users.Cache.
4:40:06 PM: Пользователь [ 393019922 ] уже в очереди или обрабатывался ранее. Global.Users.Cache.
4:40:06 PM: Пользователь [ 392815037 ] уже в очереди или обрабатывался ранее. Global.Users.Cache.
4:40:06 PM: Пользователь [ 387738087 ] уже в очереди или обрабатывался ранее. Global.Users.Cache.
4:40:06 PM: Пользователь [ 383350231 ] уже в очереди или обрабатывался ранее. Global.Users.Cache.
4:40:06 PM: Пользователь [ 376152789 ] уже в очереди или обрабатывался ранее. Global.Users.Cache.
4:40:06 PM: Пользователь [ 374857486 ] уже в очереди или обрабатывался ранее. Global.Users.Cache.
4:40:06 PM: Пользователь [ 373582229 ] уже в очереди или обрабатывался ранее. Global.Users.Cache.
4:40:07 PM: :::::::::::::::::::::::::::::::::::::::::::::::::::::::
4:40:07 PM: ADD USERS BY VK SEARCH URL
4:40:07 PM: :::::::::::::::::::::::::::::::::::::::::::::::::::::::
4:40:07 PM: ITERATION: 4
4:40:07 PM: OFFSET:    693
4:40:07 PM: COUNT:     231
4:40:07 PM: 50 :: Пауза
4:40:08 PM: 50 :: Пауза
4:40:08 PM: Пользователь [ 369692836 ] уже в очереди или обрабатывался ранее. Global.Users.Cache.
4:40:08 PM: Пользователь [ 360595186 ] уже в очереди или обрабатывался ранее. Global.Users.Cache.
4:40:08 PM: Пользователь [ 356406931 ] уже в очереди или обрабатывался ранее. Global.Users.Cache.
4:40:08 PM: Пользователь [ 348243107 ] уже в очереди или обрабатывался ранее. Global.Users.Cache.
4:40:08 PM: Пользователь [ 340499093 ] уже в очереди или обрабатывался ранее. Global.Users.Cache.
4:40:08 PM: Пользователь [ 338760818 ] уже в очереди или обрабатывался ранее. Global.Users.Cache.
4:40:08 PM: Пользователь [ 336650735 ] уже в очереди или обрабатывался ранее. Global.Users.Cache.
4:40:08 PM: Пользователь [ 336297957 ] уже в очереди или обрабатывался ранее. Global.Users.Cache.
4:40:08 PM: Пользователь [ 332619912 ] уже в очереди или обрабатывался ранее. Global.Users.Cache.
4:40:08 PM: Пользователь [ 332096843 ] уже в очереди или обрабатывался ранее. Global.Users.Cache.
4:40:09 PM: Пользователь [ 332096310 ] уже в очереди или обрабатывался ранее. Global.Users.Cache.
4:40:09 PM: Пользователь [ 331735515 ] уже в очереди или обрабатывался ранее. Global.Users.Cache.
4:40:09 PM: Пользователь [ 329426372 ] уже в очереди или обрабатывался ранее. Global.Users.Cache.
4:40:09 PM: Пользователь [ 325131645 ] уже в очереди или обрабатывался ранее. Global.Users.Cache.
4:40:09 PM: Пользователь [ 325049531 ] уже в очереди или обрабатывался ранее. Global.Users.Cache.
4:40:09 PM: Пользователь [ 321454226 ] уже в очереди или обрабатывался ранее. Global.Users.Cache.
4:40:09 PM: Пользователь [ 320514784 ] уже в очереди или обрабатывался ранее. Global.Users.Cache.
4:40:09 PM: Пользователь [ 319989369 ] уже в очереди или обрабатывался ранее. Global.Users.Cache.
4:40:09 PM: Пользователь [ 317788476 ] уже в очереди или обрабатывался ранее. Global.Users.Cache.
4:40:09 PM: Пользователь [ 313796568 ] уже в очереди или обрабатывался ранее. Global.Users.Cache.
4:40:09 PM: Пользователь [ 299406735 ] уже в очереди или обрабатывался ранее. Global.Users.Cache.
4:40:09 PM: Пользователь [ 296086087 ] уже в очереди или обрабатывался ранее. Global.Users.Cache.
4:40:09 PM: Пользователь [ 284376546 ] уже в очереди или обрабатывался ранее. Global.Users.Cache.
4:40:10 PM: Пользователь [ 281081731 ] уже в очереди или обрабатывался ранее. Global.Users.Cache.
4:40:10 PM: Пользователь [ 280782582 ] уже в очереди или обрабатывался ранее. Global.Users.Cache.
4:40:10 PM: Пользователь [ 279438519 ] уже в очереди или обрабатывался ранее. Global.Users.Cache.
4:40:10 PM: Пользователь [ 272074434 ] уже в очереди или обрабатывался ранее. Global.Users.Cache.
4:40:10 PM: Пользователь [ 271484049 ] уже в очереди или обрабатывался ранее. Global.Users.Cache.
4:40:10 PM: В очередь добавлен пользователь: [ 257723325 ] [ Remy Marie ]
4:40:10 PM: В очередь добавлен пользователь: [ 243188748 ] [ ??????? ???? ]
4:40:10 PM: Пользователь [ 239956759 ] уже в очереди или обрабатывался ранее. Global.Users.Cache.
4:40:10 PM: В очередь добавлен пользователь: [ 239723525 ] [ ???? ??????? ]
4:40:10 PM: Пользователь [ 228736577 ] уже в очереди или обрабатывался ранее. Global.Users.Cache.
4:40:10 PM: В очередь добавлен пользователь: [ 228289360 ] [ ????? ?????? ]
4:40:11 PM: В очередь добавлен пользователь: [ 226055117 ] [ ??????? ??????? ]
4:40:11 PM: Пользователь [ 223732284 ] уже в очереди или обрабатывался ранее. Global.Users.Cache.
4:40:11 PM: Пользователь [ 223559451 ] уже в очереди или обрабатывался ранее. Global.Users.Cache.
4:40:11 PM: Пользователь [ 222642428 ] уже в очереди или обрабатывался ранее. Global.Users.Cache.
4:40:11 PM: В очередь добавлен пользователь: [ 219510856 ] [ ???? ??? ]
4:40:11 PM: Пользователь [ 218673287 ] уже в очереди или обрабатывался ранее. Global.Users.Cache.
4:40:11 PM: Пользователь [ 217083659 ] уже в очереди или обрабатывался ранее. Global.Users.Cache.
4:40:11 PM: В очередь добавлен пользователь: [ 206977754 ] [ ???-????-?????? ?-??????-???? ]
4:40:11 PM: В очередь добавлен пользователь: [ 198321949 ] [ ??????? ?????? ]
4:40:11 PM: Пользователь [ 197261416 ] уже в очереди или обрабатывался ранее. Global.Users.Cache.
4:40:11 PM: В очередь добавлен пользователь: [ 196896727 ] [ ?????? ????? ]
4:40:11 PM: В очередь добавлен пользователь: [ 193510856 ] [ ????????? ?????????? ]
4:40:11 PM: В очередь добавлен пользователь: [ 191456841 ] [ ????????? ??????? ]
4:40:12 PM: Пользователь [ 185427976 ] уже в очереди или обрабатывался ранее. Global.Users.Cache.
4:40:12 PM: Пользователь [ 179861911 ] уже в очереди или обрабатывался ранее. Global.Users.Cache.
4:40:12 PM: Пользователь [ 167119992 ] уже в очереди или обрабатывался ранее. Global.Users.Cache.
4:40:12 PM: Пользователь [ 166620213 ] уже в очереди или обрабатывался ранее. Global.Users.Cache.
4:40:12 PM: Пользователь [ 154600498 ] уже в очереди или обрабатывался ранее. Global.Users.Cache.
4:40:12 PM: В очередь добавлен пользователь: [ 153018848 ] [ ????? ??????? ]
4:40:12 PM: В очередь добавлен пользователь: [ 148002970 ] [ ?? ??????????? ]
4:40:12 PM: Пользователь [ 147798043 ] уже в очереди или обрабатывался ранее. Global.Users.Cache.
4:40:12 PM: В очередь добавлен пользователь: [ 144421528 ] [ ?????? ?????? ]
4:40:12 PM: В очередь добавлен пользователь: [ 142977188 ] [ ??????? ??????? ]
4:40:12 PM: В очередь добавлен пользователь: [ 133479416 ] [ ?????? ???????? ]
4:40:13 PM: Пользователь [ 132836173 ] уже в очереди или обрабатывался ранее. Global.Users.Cache.
4:40:13 PM: В очередь добавлен пользователь: [ 123894030 ] [ Nanami Nikko ]
4:40:13 PM: Пользователь [ 123505032 ] уже в очереди или обрабатывался ранее. Global.Users.Cache.
4:40:13 PM: Пользователь [ 122167243 ] уже в очереди или обрабатывался ранее. Global.Users.Cache.
4:40:13 PM: Пользователь [ 113953611 ] уже в очереди или обрабатывался ранее. Global.Users.Cache.
4:40:13 PM: Пользователь [ 112825044 ] уже в очереди или обрабатывался ранее. Global.Users.Cache.
4:40:13 PM: В очередь добавлен пользователь: [ 92850712 ] [ ??????? ??????????????? ]
4:40:13 PM: Пользователь [ 91504266 ] уже в очереди или обрабатывался ранее. Global.Users.Cache.
4:40:13 PM: Пользователь [ 85141991 ] уже в очереди или обрабатывался ранее. Global.Users.Cache.
4:40:13 PM: Пользователь [ 80004108 ] уже в очереди или обрабатывался ранее. Global.Users.Cache.
4:40:13 PM: Пользователь [ 78305580 ] уже в очереди или обрабатывался ранее. Global.Users.Cache.
4:40:13 PM: Пользователь [ 61781276 ] уже в очереди или обрабатывался ранее. Global.Users.Cache.
4:40:14 PM: В очередь добавлен пользователь: [ 60234081 ] [ ??????? ??????? ]
4:40:14 PM: Пользователь [ 59178876 ] уже в очереди или обрабатывался ранее. Global.Users.Cache.
4:40:14 PM: Пользователь [ 55352995 ] уже в очереди или обрабатывался ранее. Global.Users.Cache.
4:40:14 PM: В очередь добавлен пользователь: [ 53004517 ] [ ?????? ???????? ]
4:40:14 PM: Пользователь [ 51689868 ] уже в очереди или обрабатывался ранее. Global.Users.Cache.
4:40:14 PM: В очередь добавлен пользователь: [ 49762344 ] [ ?????? ?????? ]
4:40:14 PM: Пользователь [ 47660117 ] уже в очереди или обрабатывался ранее. Global.Users.Cache.
4:40:14 PM: Пользователь [ 44473030 ] уже в очереди или обрабатывался ранее. Global.Users.Cache.
4:40:14 PM: В очередь добавлен пользователь: [ 42328941 ] [ ??????? ?????????? ]
4:40:14 PM: В очередь добавлен пользователь: [ 34552013 ] [ ????? ???? ]
4:40:15 PM: Пользователь [ 31036900 ] уже в очереди или обрабатывался ранее. Global.Users.Cache.
4:40:15 PM: Пользователь [ 231590900 ] уже в очереди или обрабатывался ранее. Global.Users.Cache.
4:40:15 PM: В очередь добавлен пользователь: [ 30415059 ] [ ??????? ???????? ]
4:40:15 PM: В очередь добавлен пользователь: [ 26345954 ] [ ?????? ??????? ]
4:40:15 PM: Пользователь [ 22390850 ] уже в очереди или обрабатывался ранее. Global.Users.Cache.
4:40:15 PM: Пользователь [ 19806184 ] уже в очереди или обрабатывался ранее. Global.Users.Cache.
4:40:15 PM: Пользователь [ 356588 ] уже в очереди или обрабатывался ранее. Global.Users.Cache.
4:40:15 PM: Пользователь [ 88441330 ] уже в очереди или обрабатывался ранее. Global.Users.Cache.
4:40:15 PM: Пользователь [ 83368066 ] уже в очереди или обрабатывался ранее. Global.Users.Cache.
4:40:15 PM: Пользователь [ 289598145 ] уже в очереди или обрабатывался ранее. Global.Users.Cache.
4:40:15 PM: В очередь добавлен пользователь: [ 186452706 ] [ ????? ???? ]
4:40:16 PM: Пользователь [ 172645929 ] уже в очереди или обрабатывался ранее. Global.Users.Cache.
4:40:16 PM: Пользователь [ 157495496 ] уже в очереди или обрабатывался ранее. Global.Users.Cache.
4:40:16 PM: В очередь добавлен пользователь: [ 90252448 ] [ ??????? ??????? ]
4:40:16 PM: Пользователь [ 81278137 ] уже в очереди или обрабатывался ранее. Global.Users.Cache.
4:40:16 PM: В очередь добавлен пользователь: [ 65338240 ] [ ?????? ????? ]
4:40:16 PM: Пользователь [ 57569004 ] уже в очереди или обрабатывался ранее. Global.Users.Cache.
4:40:16 PM: Пользователь [ 40820333 ] уже в очереди или обрабатывался ранее. Global.Users.Cache.
4:40:16 PM: В очередь добавлен пользователь: [ 266242555 ] [ ?????? ?????? ]
4:40:16 PM: Пользователь [ 228079596 ] уже в очереди или обрабатывался ранее. Global.Users.Cache.
4:40:16 PM: Пользователь [ 202259641 ] уже в очереди или обрабатывался ранее. Global.Users.Cache.
4:40:16 PM: Пользователь [ 201357847 ] уже в очереди или обрабатывался ранее. Global.Users.Cache.
4:40:16 PM: Пользователь [ 189839376 ] уже в очереди или обрабатывался ранее. Global.Users.Cache.
4:40:17 PM: В очередь добавлен пользователь: [ 183002028 ] [ ????????? ??????????? ]
4:40:17 PM: В очередь добавлен пользователь: [ 169243291 ] [ ???? ???????? ]
4:40:17 PM: В очередь добавлен пользователь: [ 163114894 ] [ Vladimir Pyzhov ]
4:40:17 PM: Пользователь [ 161531881 ] уже в очереди или обрабатывался ранее. Global.Users.Cache.
4:40:17 PM: Пользователь [ 141735846 ] уже в очереди или обрабатывался ранее. Global.Users.Cache.
4:40:17 PM: Пользователь [ 140471170 ] уже в очереди или обрабатывался ранее. Global.Users.Cache.
4:40:17 PM: В очередь добавлен пользователь: [ 132253655 ] [ ????????? ???????? ]
4:40:17 PM: В очередь добавлен пользователь: [ 88654838 ] [ ??????? ??????? ]
4:40:17 PM: Пользователь [ 67475853 ] уже в очереди или обрабатывался ранее. Global.Users.Cache.
4:40:17 PM: В очередь добавлен пользователь: [ 56119997 ] [ ???? ???????? ]
4:40:17 PM: Пользователь [ 54020920 ] уже в очереди или обрабатывался ранее. Global.Users.Cache.
4:40:17 PM: Пользователь [ 53316800 ] уже в очереди или обрабатывался ранее. Global.Users.Cache.
4:40:18 PM: В очередь добавлен пользователь: [ 21610181 ] [ ???? ??????? ]
4:40:18 PM: В очередь добавлен пользователь: [ 7923467 ] [ ????? ?????????? ]
4:40:18 PM: В очередь добавлен пользователь: [ 154944086 ] [ ???? ????? ]
4:40:18 PM: В очередь добавлен пользователь: [ 442555363 ] [ Scott-Alistair Kirkland ]
4:40:18 PM: Пользователь [ 431205803 ] уже в очереди или обрабатывался ранее. Global.Users.Cache.
4:40:18 PM: В очередь добавлен пользователь: [ 424979707 ] [ ?????? ?????? ]
4:40:18 PM: В очередь добавлен пользователь: [ 414988914 ] [ ????? ??????? ]
4:40:18 PM: Пользователь [ 403423579 ] уже в очереди или обрабатывался ранее. Global.Users.Cache.
4:40:18 PM: Пользователь [ 400970858 ] уже в очереди или обрабатывался ранее. Global.Users.Cache.
4:40:18 PM: Пользователь [ 399359230 ] уже в очереди или обрабатывался ранее. Global.Users.Cache.
4:40:19 PM: В очередь добавлен пользователь: [ 396480172 ] [ ????? ??? ]
4:40:19 PM: Пользователь [ 390450369 ] уже в очереди или обрабатывался ранее. Global.Users.Cache.
4:40:19 PM: В очередь добавлен пользователь: [ 382081871 ] [ ?????? ?????????? ]
4:40:19 PM: Пользователь [ 377815114 ] уже в очереди или обрабатывался ранее. Global.Users.Cache.
4:40:19 PM: В очередь добавлен пользователь: [ 377037815 ] [ Amadeo Cassidy ]
4:40:19 PM: В очередь добавлен пользователь: [ 373190746 ] [ ????? ????? ]
4:40:19 PM: Пользователь [ 370686396 ] уже в очереди или обрабатывался ранее. Global.Users.Cache.
4:40:19 PM: В очередь добавлен пользователь: [ 358828187 ] [ ????????? ????? ]
4:40:19 PM: Пользователь [ 353063979 ] уже в очереди или обрабатывался ранее. Global.Users.Cache.
4:40:19 PM: В очередь добавлен пользователь: [ 343991598 ] [ ????????? ?????????? ]
4:40:19 PM: Пользователь [ 341224294 ] уже в очереди или обрабатывался ранее. Global.Users.Cache.
4:40:20 PM: Пользователь [ 340192435 ] уже в очереди или обрабатывался ранее. Global.Users.Cache.
4:40:20 PM: В очередь добавлен пользователь: [ 327614761 ] [ Polina Evmenova ]
4:40:20 PM: В очередь добавлен пользователь: [ 326728609 ] [ ?????? ?????? ]
4:40:20 PM: Пользователь [ 317700008 ] уже в очереди или обрабатывался ранее. Global.Users.Cache.
4:40:20 PM: В очередь добавлен пользователь: [ 311671865 ] [ Lu El ]
4:40:20 PM: Пользователь [ 308841829 ] уже в очереди или обрабатывался ранее. Global.Users.Cache.
4:40:20 PM: В очередь добавлен пользователь: [ 307490670 ] [ ????? ????? ]
4:40:20 PM: Пользователь [ 305008011 ] уже в очереди или обрабатывался ранее. Global.Users.Cache.
4:40:20 PM: Пользователь [ 296336491 ] уже в очереди или обрабатывался ранее. Global.Users.Cache.
4:40:20 PM: В очередь добавлен пользователь: [ 284572519 ] [ Lorens Brown ]
4:40:20 PM: В очередь добавлен пользователь: [ 269455063 ] [ Ney Malbert ]
4:40:20 PM: Пользователь [ 269398253 ] уже в очереди или обрабатывался ранее. Global.Users.Cache.
4:40:21 PM: Пользователь [ 267810788 ] уже в очереди или обрабатывался ранее. Global.Users.Cache.
4:40:21 PM: Пользователь [ 266951137 ] уже в очереди или обрабатывался ранее. Global.Users.Cache.
4:40:21 PM: Пользователь [ 264737101 ] уже в очереди или обрабатывался ранее. Global.Users.Cache.
4:40:21 PM: В очередь добавлен пользователь: [ 264026921 ] [ ???? ?????? ]
4:40:21 PM: В очередь добавлен пользователь: [ 261082523 ] [ ???? ?????????? ]
4:40:21 PM: В очередь добавлен пользователь: [ 254067554 ] [ Eric Briar ]
4:40:21 PM: Пользователь [ 252720491 ] уже в очереди или обрабатывался ранее. Global.Users.Cache.
4:40:21 PM: В очередь добавлен пользователь: [ 252212060 ] [ ????? ??? ]
4:40:21 PM: Пользователь [ 248347635 ] уже в очереди или обрабатывался ранее. Global.Users.Cache.
4:40:21 PM: В очередь добавлен пользователь: [ 245975170 ] [ ??????? ???? ]
4:40:22 PM: Пользователь [ 241729216 ] уже в очереди или обрабатывался ранее. Global.Users.Cache.
4:40:22 PM: В очередь добавлен пользователь: [ 240269227 ] [ ????????? ??????? ]
4:40:22 PM: В очередь добавлен пользователь: [ 236871714 ] [ ?????? ?????? ]
4:40:22 PM: Пользователь [ 234206532 ] уже в очереди или обрабатывался ранее. Global.Users.Cache.
4:40:22 PM: В очередь добавлен пользователь: [ 224339136 ] [ ?????? ????? ]
4:40:22 PM: В очередь добавлен пользователь: [ 224044922 ] [ ????????? ?????? ]
4:40:22 PM: Пользователь [ 219217311 ] уже в очереди или обрабатывался ранее. Global.Users.Cache.
4:40:22 PM: В очередь добавлен пользователь: [ 209690294 ] [ ??? ????? ]
4:40:22 PM: В очередь добавлен пользователь: [ 194782178 ] [ ??????? ?????? ]
4:40:23 PM: В очередь добавлен пользователь: [ 192378627 ] [ ??? ??? ]
4:40:23 PM: Пользователь [ 190793982 ] уже в очереди или обрабатывался ранее. Global.Users.Cache.
4:40:23 PM: Пользователь [ 185005913 ] уже в очереди или обрабатывался ранее. Global.Users.Cache.
4:40:23 PM: В очередь добавлен пользователь: [ 184175731 ] [ ???? ?????????? ]
4:40:23 PM: Пользователь [ 163173842 ] уже в очереди или обрабатывался ранее. Global.Users.Cache.
4:40:23 PM: В очередь добавлен пользователь: [ 162731267 ] [ ????????? ??????? ]
4:40:23 PM: В очередь добавлен пользователь: [ 161504173 ] [ ?????? ??????? ]
4:40:23 PM: Пользователь [ 135428580 ] уже в очереди или обрабатывался ранее. Global.Users.Cache.
4:40:23 PM: В очередь добавлен пользователь: [ 133897350 ] [ ???????? ????? ]
4:40:23 PM: Пользователь [ 123797436 ] уже в очереди или обрабатывался ранее. Global.Users.Cache.
4:40:24 PM: Пользователь [ 122650752 ] уже в очереди или обрабатывался ранее. Global.Users.Cache.
4:40:24 PM: В очередь добавлен пользователь: [ 114955321 ] [ ????? ?????? ]
4:40:24 PM: В очередь добавлен пользователь: [ 108407421 ] [ ????????? ????????? ]
4:40:24 PM: Пользователь [ 105614734 ] уже в очереди или обрабатывался ранее. Global.Users.Cache.
4:40:24 PM: В очередь добавлен пользователь: [ 63466157 ] [ ????? ??????? ]
4:40:24 PM: В очередь добавлен пользователь: [ 62453422 ] [ Dima Polovtsev ]
4:40:24 PM: В очередь добавлен пользователь: [ 51500745 ] [ ???? ??????? ]
4:40:24 PM: Пользователь [ 51143708 ] уже в очереди или обрабатывался ранее. Global.Users.Cache.
4:40:24 PM: Пользователь [ 17193675 ] уже в очереди или обрабатывался ранее. Global.Users.Cache.
4:40:24 PM: Пользователь [ 15869644 ] уже в очереди или обрабатывался ранее. Global.Users.Cache.
4:40:25 PM: В очередь добавлен пользователь: [ 146242170 ] [ ?????? ?????? ]
4:40:25 PM: Пользователь [ 43835649 ] уже в очереди или обрабатывался ранее. Global.Users.Cache.
4:40:25 PM: В очередь добавлен пользователь: [ 364976812 ] [ ???? ????? ]
4:40:25 PM: В очередь добавлен пользователь: [ 293972900 ] [ ??????? ?????? ]
4:40:25 PM: Пользователь [ 35245439 ] уже в очереди или обрабатывался ранее. Global.Users.Cache.
4:40:25 PM: Пользователь [ 88927815 ] уже в очереди или обрабатывался ранее. Global.Users.Cache.
4:40:25 PM: В очередь добавлен пользователь: [ 417784239 ] [ ???????? ???????? ]
4:40:25 PM: Пользователь [ 369589290 ] уже в очереди или обрабатывался ранее. Global.Users.Cache.
4:40:25 PM: Пользователь [ 364591597 ] уже в очереди или обрабатывался ранее. Global.Users.Cache.
4:40:25 PM: Пользователь [ 343726416 ] уже в очереди или обрабатывался ранее. Global.Users.Cache.
4:40:26 PM: В очередь добавлен пользователь: [ 324734678 ] [ Error Errol ]
4:40:26 PM: В очередь добавлен пользователь: [ 321589113 ] [ ?? ??????? ]
4:40:26 PM: В очередь добавлен пользователь: [ 286308846 ] [ ????? ?????? ]
4:40:26 PM: В очередь добавлен пользователь: [ 257195142 ] [ ?????? ??????? ]
4:40:26 PM: В очередь добавлен пользователь: [ 252678890 ] [ ????????? ????????? ]
4:40:26 PM: В очередь добавлен пользователь: [ 249830034 ] [ ????????? ???? ]
4:40:26 PM: В очередь добавлен пользователь: [ 231092333 ] [ ???????? ???????????? ]
4:40:26 PM: В очередь добавлен пользователь: [ 227815929 ] [ ????? ?????? ]
4:40:27 PM: В очередь добавлен пользователь: [ 226114823 ] [ ???????? ?????? ]
4:40:27 PM: Пользователь [ 215639142 ] уже в очереди или обрабатывался ранее. Global.Users.Cache.
4:40:27 PM: В очередь добавлен пользователь: [ 213969578 ] [ Dota Onelove ]
4:40:27 PM: В очередь добавлен пользователь: [ 163359740 ] [ ??????? ??????? ]
4:40:27 PM: Пользователь [ 141247739 ] уже в очереди или обрабатывался ранее. Global.Users.Cache.
4:40:27 PM: В очередь добавлен пользователь: [ 119273574 ] [ ??????? ????????? ]
4:40:27 PM: В очередь добавлен пользователь: [ 54132766 ] [ ?????? ???????? ]
4:40:27 PM: Пользователь [ 15566331 ] уже в очереди или обрабатывался ранее. Global.Users.Cache.
4:40:27 PM: В очередь добавлен пользователь: [ 296140255 ] [ ?????? ?????? ]
4:40:27 PM: Пользователь [ 208511238 ] уже в очереди или обрабатывался ранее. Global.Users.Cache.
4:40:28 PM: В очередь добавлен пользователь: [ 255366240 ] [ ?????? ???????? ]
4:40:28 PM: В очередь добавлен пользователь: [ 260634987 ] [ ??????? ??????? ]
4:40:28 PM: Пользователь [ 22291791 ] уже в очереди или обрабатывался ранее. Global.Users.Cache.
4:40:28 PM: В очередь добавлен пользователь: [ 454932493 ] [ Grisha Pavlov ]
4:40:28 PM: В очередь добавлен пользователь: [ 442767642 ] [ Xing Xing ]
4:40:28 PM: В очередь добавлен пользователь: [ 438377875 ] [ ????? ???????? ]
4:40:28 PM: В очередь добавлен пользователь: [ 434433668 ] [ Signore Dell'inferno ]
4:40:28 PM: В очередь добавлен пользователь: [ 420608196 ] [ Dйmiбn Xembйrankiсheksi ]
4:40:28 PM: В очередь добавлен пользователь: [ 413387902 ] [ ?????? ????? ]
4:40:29 PM: В очередь добавлен пользователь: [ 381238558 ] [ ??? ??????? ]
4:40:29 PM: В очередь добавлен пользователь: [ 371755279 ] [ ???? ?????? ]
4:40:29 PM: В очередь добавлен пользователь: [ 360477647 ] [ ?????????? ???????? ]
4:40:29 PM: В очередь добавлен пользователь: [ 357444606 ] [ Daytrl Imp ]
4:40:29 PM: В очередь добавлен пользователь: [ 357383236 ] [ ??? ????? ]
4:40:29 PM: В очередь добавлен пользователь: [ 348062452 ] [ Alkeno Mikazuki ]
4:40:29 PM: В очередь добавлен пользователь: [ 347962870 ] [ Gilberto La-Volpe ]
4:40:30 PM: :::::::::::::::::::::::::::::::::::::::::::::::::::::::
4:40:30 PM: ADD USERS BY VK SEARCH URL
4:40:30 PM: :::::::::::::::::::::::::::::::::::::::::::::::::::::::
4:40:30 PM: ITERATION: 5
4:40:30 PM: OFFSET:    924
4:40:30 PM: COUNT:     231
4:40:30 PM: 50 :: Пауза
4:40:31 PM: 50 :: Пауза
4:40:31 PM: В очередь добавлен пользователь: [ 345149785 ] [ ?? ? ]
4:40:31 PM: В очередь добавлен пользователь: [ 275420461 ] [ Folor Meanil ]
4:40:31 PM: Пользователь [ 274724250 ] уже в очереди или обрабатывался ранее. Global.Users.Cache.
4:40:31 PM: В очередь добавлен пользователь: [ 257068029 ] [ ???? ???????? ]
4:40:31 PM: В очередь добавлен пользователь: [ 236155640 ] [ ????????? ??????? ]
4:40:31 PM: В очередь добавлен пользователь: [ 224802807 ] [ Stanislav Georg ]
4:40:32 PM: В очередь добавлен пользователь: [ 215080194 ] [ Johnny Zinc ]
4:40:32 PM: Пользователь [ 193838692 ] уже в очереди или обрабатывался ранее. Global.Users.Cache.
4:40:32 PM: В очередь добавлен пользователь: [ 179831759 ] [ Gilbert Ray ]
4:40:32 PM: Пользователь [ 108817145 ] уже в очереди или обрабатывался ранее. Global.Users.Cache.
4:40:32 PM: В очередь добавлен пользователь: [ 96109511 ] [ ????????? ??????? ]
4:40:32 PM: В очередь добавлен пользователь: [ 174543874 ] [ ???? ??????? ]
4:40:32 PM: В очередь добавлен пользователь: [ 150820769 ] [ ?????? ??????? ]
4:40:32 PM: В очередь добавлен пользователь: [ 448725012 ] [ ???? ????? ]
4:40:32 PM: В очередь добавлен пользователь: [ 409443952 ] [ Hanbin Arneyavastaleviavicamrysinette ]
4:40:33 PM: В очередь добавлен пользователь: [ 404581370 ] [ ?????? ????????? ]
4:40:33 PM: Пользователь [ 359298479 ] уже в очереди или обрабатывался ранее. Global.Users.Cache.
4:40:33 PM: Пользователь [ 300643719 ] уже в очереди или обрабатывался ранее. Global.Users.Cache.
4:40:33 PM: В очередь добавлен пользователь: [ 269515632 ] [ Alex Ovchinnikov ]
4:40:33 PM: В очередь добавлен пользователь: [ 237531167 ] [ ?????? ??????? ]
4:40:33 PM: В очередь добавлен пользователь: [ 217969298 ] [ ???? ????? ]
4:40:33 PM: В очередь добавлен пользователь: [ 205490300 ] [ ???? ?????? ]
4:40:33 PM: В очередь добавлен пользователь: [ 205124335 ] [ ???? ??? ]
4:40:33 PM: В очередь добавлен пользователь: [ 195261311 ] [ ????????? ???????? ]
4:40:33 PM: Пользователь [ 184073357 ] уже в очереди или обрабатывался ранее. Global.Users.Cache.
4:40:34 PM: Пользователь [ 132716236 ] уже в очереди или обрабатывался ранее. Global.Users.Cache.
4:40:34 PM: В очередь добавлен пользователь: [ 51323653 ] [ ????????? ?????? ]
4:40:34 PM: Пользователь [ 111375638 ] уже в очереди или обрабатывался ранее. Global.Users.Cache.
4:40:34 PM: В очередь добавлен пользователь: [ 451449229 ] [ ??????? ????? ]
4:40:34 PM: В очередь добавлен пользователь: [ 448420915 ] [ ???????? ????? ]
4:40:34 PM: В очередь добавлен пользователь: [ 423935509 ] [ ?????? ?????? ]
4:40:34 PM: В очередь добавлен пользователь: [ 245420125 ] [ ???? ???????? ]
4:40:35 PM: В очередь добавлен пользователь: [ 143881292 ] [ ????????? ??????? ]
4:40:35 PM: В очередь добавлен пользователь: [ 50073727 ] [ Nik Epishkin ]
4:40:35 PM: В очередь добавлен пользователь: [ 222802385 ] [ ?????? ????????? ]
4:40:35 PM: :::::::::::::::::::::::::::::::::::::::::::::::::::::::
4:40:35 PM: ADD USERS BY VK SEARCH URL
4:40:35 PM: :::::::::::::::::::::::::::::::::::::::::::::::::::::::
4:40:35 PM: ITERATION: 6
4:40:35 PM: OFFSET:    1155
4:40:35 PM: COUNT:     231
4:41:17 PM: 50 :: Пауза
4:41:17 PM: [ ДарьяГ ] : Соединение отсутствует.....
4:41:17 PM: :::::::::::::::::::::::::::::::::::::::::::::::::::::::
4:41:17 PM: :::::::::::::::::::::::::::::::::::::::::::::::::::::::
4:41:17 PM: :::::::::::::::::::::::::::::::::::::::::::::::::::::::
4:41:17 PM: :::::::::::::::::::::::::::::::::::::::::::::::::::::::
4:41:17 PM: :::::::::::::::::::::::::::::::::::::::::::::::::::::::
4:41:17 PM: :::::::::::::::::::::::::::::::::::::::::::::::::::::::
4:42:19 PM: 50 :: Пауза
4:42:19 PM: [ ДарьяГ ] : Соединение отсутствует.....
3:46:14 PM: 50 :: Пауза
3:46:14 PM: [ ЖаннаОг ] : Соединение отсутствует.....
3:47:11 PM: 50 :: Пауза
3:47:11 PM: [ ИваннаН ] : Соединение отсутствует.....
3:47:18 PM: 50 :: Пауза
3:47:18 PM: [ ЙокохамаС ] : Соединение отсутствует.....
4:49:03 PM: 50 :: Пауза
4:49:03 PM: [ ДарьяГ ] : Соединение отсутствует.....
3:27:02 PM: 50 :: Пауза
3:27:02 PM: [ ДарьяГ ] : Соединение отсутствует.....
3:28:10 PM: 50 :: Пауза
3:28:10 PM: [ ДарьяГ ] : Соединение отсутствует.....
3:28:35 PM: 50 :: Пауза
3:28:35 PM: [ ДарьяГ ] : Соединение отсутствует.....
3:34:21 PM: 50 :: Пауза
3:34:21 PM: [ ДарьяГ ] : Соединение отсутствует.....
5:46:05 PM: 50 :: Пауза
5:46:05 PM: [ ДарьяГ ] : Соединение отсутствует.....
5:03:07 PM: 50 :: Пауза
5:03:07 PM: [ ДарьяГ ] : Токен обновлён.
5:04:55 PM: 50 :: Пауза
5:06:02 PM: 50 :: Пауза
5:06:02 PM: [ ЖаннаОг ] : Соединение отсутствует.....
5:07:16 PM: 50 :: Пауза
5:07:16 PM: [ ЖаннаОг ] : Соединение отсутствует.....
5:07:42 PM: 50 :: Пауза
5:07:42 PM: [ ИваннаН ] : Соединение отсутствует.....
5:08:30 PM: 50 :: Пауза
5:08:30 PM: [ ЖаннаОг ] : Соединение отсутствует.....
5:59:33 PM: 50 :: Пауза
6:00:16 PM: 50 :: Пауза
6:00:16 PM: [ УльянаП ] : Соединение отсутствует.....
6:00:29 PM: 50 :: Пауза
6:00:29 PM: [ Милана1З ] : Соединение отсутствует.....
6:00:38 PM: 50 :: Пауза
6:00:38 PM: [ ЙокохамаС ] : Соединение отсутствует.....
6:00:47 PM: 50 :: Пауза
6:00:47 PM: [ ИваннаН ] : Соединение отсутствует.....
6:00:51 PM: 50 :: Пауза
6:45:08 PM: 50 :: Пауза
